<?xml version="1.0" encoding="UTF-8"?>
<testsuite name="com.portfolio.goodjobs.service.JobServiceImplTest" tests="1" skipped="0" failures="0" errors="0" timestamp="2024-03-02T14:41:21" hostname="DESKTOP-P5NB1GU" time="2.024">
  <properties/>
  <testcase name="testList()" classname="com.portfolio.goodjobs.service.JobServiceImplTest" time="2.024"/>
  <system-out><![CDATA[23:41:13.545 [Test worker] INFO org.springframework.test.context.support.AnnotationConfigContextLoaderUtils -- Could not detect default configuration classes for test class [com.portfolio.goodjobs.service.JobServiceImplTest]: JobServiceImplTest does not declare any static, non-private, non-final, nested classes annotated with @Configuration.
23:41:13.761 [Test worker] INFO org.springframework.boot.test.context.SpringBootTestContextBootstrapper -- Found @SpringBootConfiguration com.portfolio.goodjobs.GoodjobsApplication for test class com.portfolio.goodjobs.service.JobServiceImplTest

  .   ____          _            __ _ _
 /\\ / ___'_ __ _ _(_)_ __  __ _ \ \ \ \
( ( )\___ | '_ | '_| | '_ \/ _` | \ \ \ \
 \\/  ___)| |_)| | | | | || (_| |  ) ) ) )
  '  |____| .__|_| |_|_| |_\__, | / / / /
 =========|_|==============|___/=/_/_/_/
 :: Spring Boot ::                (v3.2.2)

2024-03-02T23:41:14.569+09:00  INFO 8444 --- [    Test worker] c.p.goodjobs.service.JobServiceImplTest  : Starting JobServiceImplTest using Java 17.0.9 with PID 8444 (started by YEH in D:\Portfolio\GoodJobs\goodjobs)
2024-03-02T23:41:14.571+09:00 DEBUG 8444 --- [    Test worker] c.p.goodjobs.service.JobServiceImplTest  : Running with Spring Boot v3.2.2, Spring v6.1.3
2024-03-02T23:41:14.572+09:00  INFO 8444 --- [    Test worker] c.p.goodjobs.service.JobServiceImplTest  : No active profile set, falling back to 1 default profile: "default"
2024-03-02T23:41:16.347+09:00  INFO 8444 --- [    Test worker] .s.d.r.c.RepositoryConfigurationDelegate : Bootstrapping Spring Data JPA repositories in DEFAULT mode.
2024-03-02T23:41:16.464+09:00  INFO 8444 --- [    Test worker] .s.d.r.c.RepositoryConfigurationDelegate : Finished Spring Data repository scanning in 98 ms. Found 1 JPA repository interface.
2024-03-02T23:41:17.295+09:00  INFO 8444 --- [    Test worker] o.hibernate.jpa.internal.util.LogHelper  : HHH000204: Processing PersistenceUnitInfo [name: default]
2024-03-02T23:41:17.414+09:00  INFO 8444 --- [    Test worker] org.hibernate.Version                    : HHH000412: Hibernate ORM core version 6.4.1.Final
2024-03-02T23:41:17.500+09:00  INFO 8444 --- [    Test worker] o.h.c.internal.RegionFactoryInitiator    : HHH000026: Second-level cache disabled
2024-03-02T23:41:17.942+09:00  INFO 8444 --- [    Test worker] o.s.o.j.p.SpringPersistenceUnitInfo      : No LoadTimeWeaver setup: ignoring JPA class transformer
2024-03-02T23:41:18.000+09:00  INFO 8444 --- [    Test worker] com.zaxxer.hikari.HikariDataSource       : HikariPool-1 - Starting...
2024-03-02T23:41:18.183+09:00  INFO 8444 --- [    Test worker] com.zaxxer.hikari.pool.HikariPool        : HikariPool-1 - Added connection org.mariadb.jdbc.Connection@2cce10bc
2024-03-02T23:41:18.187+09:00  INFO 8444 --- [    Test worker] com.zaxxer.hikari.HikariDataSource       : HikariPool-1 - Start completed.
2024-03-02T23:41:19.861+09:00  INFO 8444 --- [    Test worker] o.h.e.t.j.p.i.JtaPlatformInitiator       : HHH000489: No JTA platform available (set 'hibernate.transaction.jta.platform' to enable JTA platform integration)
2024-03-02T23:41:19.959+09:00  INFO 8444 --- [    Test worker] j.LocalContainerEntityManagerFactoryBean : Initialized JPA EntityManagerFactory for persistence unit 'default'
2024-03-02T23:41:21.021+09:00  WARN 8444 --- [    Test worker] JpaBaseConfiguration$JpaWebConfiguration : spring.jpa.open-in-view is enabled by default. Therefore, database queries may be performed during view rendering. Explicitly configure spring.jpa.open-in-view to disable this warning
2024-03-02T23:41:21.967+09:00  INFO 8444 --- [    Test worker] c.p.goodjobs.service.JobServiceImplTest  : Started JobServiceImplTest in 7.838 seconds (process running for 10.031)
Hibernate: 
    select
        j1_0.no,
        j1_0.address,
        j1_0.company_name,
        j1_0.deadline,
        j1_0.detail,
        j1_0.edu,
        j1_0.exp,
        j1_0.exp_year,
        j1_0.logo_file_name,
        j1_0.mod_date,
        j1_0.reg_date,
        j1_0.title,
        j1_0.writer 
    from
        job j1_0 
    left join
        job_location jl1_0 
            on jl1_0.job_no=j1_0.no 
    where
        cast(jl1_0.sigungu as char) in (?, ?) 
        and j1_0.deadline>? 
    order by
        j1_0.no 
    limit
        ?, ?
Hibernate: 
    select
        count(j1_0.no) 
    from
        job j1_0 
    left join
        job_location jl1_0 
            on jl1_0.job_no=j1_0.no 
    where
        cast(jl1_0.sigungu as char) in (?, ?) 
        and j1_0.deadline>?
Hibernate: 
    select
        ls1_0.job_no,
        ls1_0.no,
        ls1_0.ord,
        ls1_0.sigungu 
    from
        job_location ls1_0 
    where
        ls1_0.job_no=?
2024-03-02T23:41:23.987+09:00  INFO 8444 --- [    Test worker] c.p.goodjobs.service.JobServiceImplTest  : PageResponseDto(page=1, size=1, last=5, total=5, dtoList=[JobListDto(no=3, companyName=회사명, title=웹 풀스택 개발자, regDate=2024-03-01T12:39:58.789744Z, exp=false, expYear=null, edu=0, deadline=2024-03-24T09:00:00Z, locations=null, sigunguNames=[구로구])], start=1, end=5, prev=false, next=false)
]]></system-out>
  <system-err><![CDATA[]]></system-err>
</testsuite>
