<?xml version="1.0" encoding="UTF-8"?>
<testsuite name="com.portfolio.goodjobs.service.JobServiceImplTest" tests="1" skipped="0" failures="0" errors="0" timestamp="2024-03-04T10:23:39" hostname="DESKTOP-P5NB1GU" time="1.04">
  <properties/>
  <testcase name="testInsert()" classname="com.portfolio.goodjobs.service.JobServiceImplTest" time="1.04"/>
  <system-out><![CDATA[19:23:35.343 [Test worker] INFO org.springframework.test.context.support.AnnotationConfigContextLoaderUtils -- Could not detect default configuration classes for test class [com.portfolio.goodjobs.service.JobServiceImplTest]: JobServiceImplTest does not declare any static, non-private, non-final, nested classes annotated with @Configuration.
19:23:35.438 [Test worker] INFO org.springframework.boot.test.context.SpringBootTestContextBootstrapper -- Found @SpringBootConfiguration com.portfolio.goodjobs.GoodjobsApplication for test class com.portfolio.goodjobs.service.JobServiceImplTest

  .   ____          _            __ _ _
 /\\ / ___'_ __ _ _(_)_ __  __ _ \ \ \ \
( ( )\___ | '_ | '_| | '_ \/ _` | \ \ \ \
 \\/  ___)| |_)| | | | | || (_| |  ) ) ) )
  '  |____| .__|_| |_|_| |_\__, | / / / /
 =========|_|==============|___/=/_/_/_/
 :: Spring Boot ::                (v3.2.2)

2024-03-04T19:23:35.782+09:00  INFO 17148 --- [    Test worker] c.p.goodjobs.service.JobServiceImplTest  : Starting JobServiceImplTest using Java 17.0.9 with PID 17148 (started by YEH in D:\Portfolio\GoodJobs\goodjobs)
2024-03-04T19:23:35.782+09:00 DEBUG 17148 --- [    Test worker] c.p.goodjobs.service.JobServiceImplTest  : Running with Spring Boot v3.2.2, Spring v6.1.3
2024-03-04T19:23:35.784+09:00  INFO 17148 --- [    Test worker] c.p.goodjobs.service.JobServiceImplTest  : No active profile set, falling back to 1 default profile: "default"
2024-03-04T19:23:36.622+09:00  INFO 17148 --- [    Test worker] .s.d.r.c.RepositoryConfigurationDelegate : Bootstrapping Spring Data JPA repositories in DEFAULT mode.
2024-03-04T19:23:36.696+09:00  INFO 17148 --- [    Test worker] .s.d.r.c.RepositoryConfigurationDelegate : Finished Spring Data repository scanning in 61 ms. Found 3 JPA repository interfaces.
2024-03-04T19:23:37.132+09:00  INFO 17148 --- [    Test worker] o.hibernate.jpa.internal.util.LogHelper  : HHH000204: Processing PersistenceUnitInfo [name: default]
2024-03-04T19:23:37.189+09:00  INFO 17148 --- [    Test worker] org.hibernate.Version                    : HHH000412: Hibernate ORM core version 6.4.1.Final
2024-03-04T19:23:37.226+09:00  INFO 17148 --- [    Test worker] o.h.c.internal.RegionFactoryInitiator    : HHH000026: Second-level cache disabled
2024-03-04T19:23:37.432+09:00  INFO 17148 --- [    Test worker] o.s.o.j.p.SpringPersistenceUnitInfo      : No LoadTimeWeaver setup: ignoring JPA class transformer
2024-03-04T19:23:37.458+09:00  INFO 17148 --- [    Test worker] com.zaxxer.hikari.HikariDataSource       : HikariPool-1 - Starting...
2024-03-04T19:23:37.543+09:00  INFO 17148 --- [    Test worker] com.zaxxer.hikari.pool.HikariPool        : HikariPool-1 - Added connection org.mariadb.jdbc.Connection@508f4bb5
2024-03-04T19:23:37.545+09:00  INFO 17148 --- [    Test worker] com.zaxxer.hikari.HikariDataSource       : HikariPool-1 - Start completed.
2024-03-04T19:23:38.410+09:00  INFO 17148 --- [    Test worker] o.h.e.t.j.p.i.JtaPlatformInitiator       : HHH000489: No JTA platform available (set 'hibernate.transaction.jta.platform' to enable JTA platform integration)
Hibernate: 
    create table job (
        no bigint not null auto_increment,
        mod_date datetime(6),
        reg_date datetime(6),
        address varchar(100) not null,
        company_name varchar(30) not null,
        deadline datetime(6) not null,
        detail TEXT not null,
        edu TINYINT not null,
        exp bit not null,
        exp_year TINYINT UNSIGNED,
        logo_file_name varchar(255),
        title varchar(50) not null,
        writer varchar(15) not null,
        primary key (no)
    ) engine=InnoDB
Hibernate: 
    create table job_location (
        no bigint not null auto_increment,
        ord integer not null,
        sigungu integer not null,
        job_no bigint,
        primary key (no)
    ) engine=InnoDB
Hibernate: 
    alter table if exists job_location 
       add constraint FKt0hx4jubyv7me5d39iwxq5f1l 
       foreign key (job_no) 
       references job (no)
2024-03-04T19:23:38.489+09:00  INFO 17148 --- [    Test worker] j.LocalContainerEntityManagerFactoryBean : Initialized JPA EntityManagerFactory for persistence unit 'default'
2024-03-04T19:23:38.934+09:00  WARN 17148 --- [    Test worker] JpaBaseConfiguration$JpaWebConfiguration : spring.jpa.open-in-view is enabled by default. Therefore, database queries may be performed during view rendering. Explicitly configure spring.jpa.open-in-view to disable this warning
2024-03-04T19:23:38.958+09:00 TRACE 17148 --- [    Test worker] eGlobalAuthenticationAutowiredConfigurer : Eagerly initializing {org.springframework.boot.autoconfigure.security.servlet.SpringBootWebSecurityConfiguration$WebSecurityEnablerConfiguration=org.springframework.boot.autoconfigure.security.servlet.SpringBootWebSecurityConfiguration$WebSecurityEnablerConfiguration@64455184}
2024-03-04T19:23:39.249+09:00  INFO 17148 --- [    Test worker] o.s.s.web.DefaultSecurityFilterChain     : Will secure any request with [org.springframework.security.web.session.DisableEncodeUrlFilter@7a7fdc1a, org.springframework.security.web.context.request.async.WebAsyncManagerIntegrationFilter@28f5a003, org.springframework.security.web.context.SecurityContextHolderFilter@3c1f2651, org.springframework.security.web.header.HeaderWriterFilter@62604ed4, org.springframework.web.filter.CorsFilter@3220ffb, org.springframework.security.web.authentication.logout.LogoutFilter@38821ada, org.springframework.security.web.authentication.UsernamePasswordAuthenticationFilter@4c43c37d, org.springframework.security.web.savedrequest.RequestCacheAwareFilter@249fa2cb, org.springframework.security.web.servletapi.SecurityContextHolderAwareRequestFilter@4c6ebaf2, org.springframework.security.web.authentication.AnonymousAuthenticationFilter@53791a39, org.springframework.security.web.access.ExceptionTranslationFilter@72557e0d, org.springframework.security.web.access.intercept.AuthorizationFilter@7aa44fa2]
2024-03-04T19:23:39.673+09:00  INFO 17148 --- [    Test worker] c.p.goodjobs.service.JobServiceImplTest  : Started JobServiceImplTest in 4.069 seconds (process running for 5.078)
Hibernate: 
    insert 
    into
        job
        (address, company_name, deadline, detail, edu, exp, exp_year, logo_file_name, mod_date, reg_date, title, writer) 
    values
        (?, ?, ?, ?, ?, ?, ?, ?, ?, ?, ?, ?)
Hibernate: 
    insert 
    into
        job_location
        (job_no, ord, sigungu) 
    values
        (?, ?, ?)
Hibernate: 
    insert 
    into
        job_location
        (job_no, ord, sigungu) 
    values
        (?, ?, ?)
Hibernate: 
    insert 
    into
        job_location
        (job_no, ord, sigungu) 
    values
        (?, ?, ?)
Hibernate: 
    insert 
    into
        job_location
        (job_no, ord, sigungu) 
    values
        (?, ?, ?)
Hibernate: 
    insert 
    into
        job_location
        (job_no, ord, sigungu) 
    values
        (?, ?, ?)
Hibernate: 
    insert 
    into
        job_location
        (job_no, ord, sigungu) 
    values
        (?, ?, ?)
Hibernate: 
    insert 
    into
        job_location
        (job_no, ord, sigungu) 
    values
        (?, ?, ?)
Hibernate: 
    insert 
    into
        job_location
        (job_no, ord, sigungu) 
    values
        (?, ?, ?)
Hibernate: 
    insert 
    into
        job_location
        (job_no, ord, sigungu) 
    values
        (?, ?, ?)
Hibernate: 
    insert 
    into
        job_location
        (job_no, ord, sigungu) 
    values
        (?, ?, ?)
Hibernate: 
    insert 
    into
        job
        (address, company_name, deadline, detail, edu, exp, exp_year, logo_file_name, mod_date, reg_date, title, writer) 
    values
        (?, ?, ?, ?, ?, ?, ?, ?, ?, ?, ?, ?)
Hibernate: 
    insert 
    into
        job_location
        (job_no, ord, sigungu) 
    values
        (?, ?, ?)
Hibernate: 
    insert 
    into
        job_location
        (job_no, ord, sigungu) 
    values
        (?, ?, ?)
Hibernate: 
    insert 
    into
        job_location
        (job_no, ord, sigungu) 
    values
        (?, ?, ?)
Hibernate: 
    insert 
    into
        job_location
        (job_no, ord, sigungu) 
    values
        (?, ?, ?)
Hibernate: 
    insert 
    into
        job
        (address, company_name, deadline, detail, edu, exp, exp_year, logo_file_name, mod_date, reg_date, title, writer) 
    values
        (?, ?, ?, ?, ?, ?, ?, ?, ?, ?, ?, ?)
Hibernate: 
    insert 
    into
        job_location
        (job_no, ord, sigungu) 
    values
        (?, ?, ?)
Hibernate: 
    insert 
    into
        job_location
        (job_no, ord, sigungu) 
    values
        (?, ?, ?)
Hibernate: 
    insert 
    into
        job_location
        (job_no, ord, sigungu) 
    values
        (?, ?, ?)
Hibernate: 
    insert 
    into
        job_location
        (job_no, ord, sigungu) 
    values
        (?, ?, ?)
Hibernate: 
    insert 
    into
        job_location
        (job_no, ord, sigungu) 
    values
        (?, ?, ?)
Hibernate: 
    insert 
    into
        job_location
        (job_no, ord, sigungu) 
    values
        (?, ?, ?)
Hibernate: 
    insert 
    into
        job
        (address, company_name, deadline, detail, edu, exp, exp_year, logo_file_name, mod_date, reg_date, title, writer) 
    values
        (?, ?, ?, ?, ?, ?, ?, ?, ?, ?, ?, ?)
Hibernate: 
    insert 
    into
        job_location
        (job_no, ord, sigungu) 
    values
        (?, ?, ?)
Hibernate: 
    insert 
    into
        job_location
        (job_no, ord, sigungu) 
    values
        (?, ?, ?)
Hibernate: 
    insert 
    into
        job_location
        (job_no, ord, sigungu) 
    values
        (?, ?, ?)
Hibernate: 
    insert 
    into
        job_location
        (job_no, ord, sigungu) 
    values
        (?, ?, ?)
Hibernate: 
    insert 
    into
        job_location
        (job_no, ord, sigungu) 
    values
        (?, ?, ?)
Hibernate: 
    insert 
    into
        job_location
        (job_no, ord, sigungu) 
    values
        (?, ?, ?)
Hibernate: 
    insert 
    into
        job_location
        (job_no, ord, sigungu) 
    values
        (?, ?, ?)
Hibernate: 
    insert 
    into
        job_location
        (job_no, ord, sigungu) 
    values
        (?, ?, ?)
Hibernate: 
    insert 
    into
        job
        (address, company_name, deadline, detail, edu, exp, exp_year, logo_file_name, mod_date, reg_date, title, writer) 
    values
        (?, ?, ?, ?, ?, ?, ?, ?, ?, ?, ?, ?)
Hibernate: 
    insert 
    into
        job_location
        (job_no, ord, sigungu) 
    values
        (?, ?, ?)
Hibernate: 
    insert 
    into
        job_location
        (job_no, ord, sigungu) 
    values
        (?, ?, ?)
Hibernate: 
    insert 
    into
        job_location
        (job_no, ord, sigungu) 
    values
        (?, ?, ?)
Hibernate: 
    insert 
    into
        job
        (address, company_name, deadline, detail, edu, exp, exp_year, logo_file_name, mod_date, reg_date, title, writer) 
    values
        (?, ?, ?, ?, ?, ?, ?, ?, ?, ?, ?, ?)
Hibernate: 
    insert 
    into
        job_location
        (job_no, ord, sigungu) 
    values
        (?, ?, ?)
Hibernate: 
    insert 
    into
        job_location
        (job_no, ord, sigungu) 
    values
        (?, ?, ?)
Hibernate: 
    insert 
    into
        job_location
        (job_no, ord, sigungu) 
    values
        (?, ?, ?)
Hibernate: 
    insert 
    into
        job_location
        (job_no, ord, sigungu) 
    values
        (?, ?, ?)
Hibernate: 
    insert 
    into
        job_location
        (job_no, ord, sigungu) 
    values
        (?, ?, ?)
Hibernate: 
    insert 
    into
        job_location
        (job_no, ord, sigungu) 
    values
        (?, ?, ?)
Hibernate: 
    insert 
    into
        job_location
        (job_no, ord, sigungu) 
    values
        (?, ?, ?)
Hibernate: 
    insert 
    into
        job_location
        (job_no, ord, sigungu) 
    values
        (?, ?, ?)
Hibernate: 
    insert 
    into
        job_location
        (job_no, ord, sigungu) 
    values
        (?, ?, ?)
Hibernate: 
    insert 
    into
        job
        (address, company_name, deadline, detail, edu, exp, exp_year, logo_file_name, mod_date, reg_date, title, writer) 
    values
        (?, ?, ?, ?, ?, ?, ?, ?, ?, ?, ?, ?)
Hibernate: 
    insert 
    into
        job_location
        (job_no, ord, sigungu) 
    values
        (?, ?, ?)
Hibernate: 
    insert 
    into
        job_location
        (job_no, ord, sigungu) 
    values
        (?, ?, ?)
Hibernate: 
    insert 
    into
        job_location
        (job_no, ord, sigungu) 
    values
        (?, ?, ?)
Hibernate: 
    insert 
    into
        job_location
        (job_no, ord, sigungu) 
    values
        (?, ?, ?)
Hibernate: 
    insert 
    into
        job_location
        (job_no, ord, sigungu) 
    values
        (?, ?, ?)
Hibernate: 
    insert 
    into
        job_location
        (job_no, ord, sigungu) 
    values
        (?, ?, ?)
Hibernate: 
    insert 
    into
        job_location
        (job_no, ord, sigungu) 
    values
        (?, ?, ?)
Hibernate: 
    insert 
    into
        job_location
        (job_no, ord, sigungu) 
    values
        (?, ?, ?)
Hibernate: 
    insert 
    into
        job_location
        (job_no, ord, sigungu) 
    values
        (?, ?, ?)
Hibernate: 
    insert 
    into
        job
        (address, company_name, deadline, detail, edu, exp, exp_year, logo_file_name, mod_date, reg_date, title, writer) 
    values
        (?, ?, ?, ?, ?, ?, ?, ?, ?, ?, ?, ?)
Hibernate: 
    insert 
    into
        job_location
        (job_no, ord, sigungu) 
    values
        (?, ?, ?)
Hibernate: 
    insert 
    into
        job_location
        (job_no, ord, sigungu) 
    values
        (?, ?, ?)
Hibernate: 
    insert 
    into
        job_location
        (job_no, ord, sigungu) 
    values
        (?, ?, ?)
Hibernate: 
    insert 
    into
        job_location
        (job_no, ord, sigungu) 
    values
        (?, ?, ?)
Hibernate: 
    insert 
    into
        job_location
        (job_no, ord, sigungu) 
    values
        (?, ?, ?)
Hibernate: 
    insert 
    into
        job
        (address, company_name, deadline, detail, edu, exp, exp_year, logo_file_name, mod_date, reg_date, title, writer) 
    values
        (?, ?, ?, ?, ?, ?, ?, ?, ?, ?, ?, ?)
Hibernate: 
    insert 
    into
        job_location
        (job_no, ord, sigungu) 
    values
        (?, ?, ?)
Hibernate: 
    insert 
    into
        job_location
        (job_no, ord, sigungu) 
    values
        (?, ?, ?)
Hibernate: 
    insert 
    into
        job_location
        (job_no, ord, sigungu) 
    values
        (?, ?, ?)
Hibernate: 
    insert 
    into
        job_location
        (job_no, ord, sigungu) 
    values
        (?, ?, ?)
Hibernate: 
    insert 
    into
        job_location
        (job_no, ord, sigungu) 
    values
        (?, ?, ?)
Hibernate: 
    insert 
    into
        job_location
        (job_no, ord, sigungu) 
    values
        (?, ?, ?)
Hibernate: 
    insert 
    into
        job_location
        (job_no, ord, sigungu) 
    values
        (?, ?, ?)
Hibernate: 
    insert 
    into
        job_location
        (job_no, ord, sigungu) 
    values
        (?, ?, ?)
Hibernate: 
    insert 
    into
        job
        (address, company_name, deadline, detail, edu, exp, exp_year, logo_file_name, mod_date, reg_date, title, writer) 
    values
        (?, ?, ?, ?, ?, ?, ?, ?, ?, ?, ?, ?)
Hibernate: 
    insert 
    into
        job_location
        (job_no, ord, sigungu) 
    values
        (?, ?, ?)
Hibernate: 
    insert 
    into
        job_location
        (job_no, ord, sigungu) 
    values
        (?, ?, ?)
Hibernate: 
    insert 
    into
        job_location
        (job_no, ord, sigungu) 
    values
        (?, ?, ?)
Hibernate: 
    insert 
    into
        job_location
        (job_no, ord, sigungu) 
    values
        (?, ?, ?)
Hibernate: 
    insert 
    into
        job_location
        (job_no, ord, sigungu) 
    values
        (?, ?, ?)
Hibernate: 
    insert 
    into
        job_location
        (job_no, ord, sigungu) 
    values
        (?, ?, ?)
Hibernate: 
    insert 
    into
        job
        (address, company_name, deadline, detail, edu, exp, exp_year, logo_file_name, mod_date, reg_date, title, writer) 
    values
        (?, ?, ?, ?, ?, ?, ?, ?, ?, ?, ?, ?)
Hibernate: 
    insert 
    into
        job_location
        (job_no, ord, sigungu) 
    values
        (?, ?, ?)
Hibernate: 
    insert 
    into
        job_location
        (job_no, ord, sigungu) 
    values
        (?, ?, ?)
Hibernate: 
    insert 
    into
        job
        (address, company_name, deadline, detail, edu, exp, exp_year, logo_file_name, mod_date, reg_date, title, writer) 
    values
        (?, ?, ?, ?, ?, ?, ?, ?, ?, ?, ?, ?)
Hibernate: 
    insert 
    into
        job_location
        (job_no, ord, sigungu) 
    values
        (?, ?, ?)
Hibernate: 
    insert 
    into
        job_location
        (job_no, ord, sigungu) 
    values
        (?, ?, ?)
Hibernate: 
    insert 
    into
        job_location
        (job_no, ord, sigungu) 
    values
        (?, ?, ?)
Hibernate: 
    insert 
    into
        job_location
        (job_no, ord, sigungu) 
    values
        (?, ?, ?)
Hibernate: 
    insert 
    into
        job_location
        (job_no, ord, sigungu) 
    values
        (?, ?, ?)
Hibernate: 
    insert 
    into
        job_location
        (job_no, ord, sigungu) 
    values
        (?, ?, ?)
Hibernate: 
    insert 
    into
        job_location
        (job_no, ord, sigungu) 
    values
        (?, ?, ?)
Hibernate: 
    insert 
    into
        job_location
        (job_no, ord, sigungu) 
    values
        (?, ?, ?)
Hibernate: 
    insert 
    into
        job
        (address, company_name, deadline, detail, edu, exp, exp_year, logo_file_name, mod_date, reg_date, title, writer) 
    values
        (?, ?, ?, ?, ?, ?, ?, ?, ?, ?, ?, ?)
Hibernate: 
    insert 
    into
        job_location
        (job_no, ord, sigungu) 
    values
        (?, ?, ?)
Hibernate: 
    insert 
    into
        job_location
        (job_no, ord, sigungu) 
    values
        (?, ?, ?)
Hibernate: 
    insert 
    into
        job_location
        (job_no, ord, sigungu) 
    values
        (?, ?, ?)
Hibernate: 
    insert 
    into
        job_location
        (job_no, ord, sigungu) 
    values
        (?, ?, ?)
Hibernate: 
    insert 
    into
        job_location
        (job_no, ord, sigungu) 
    values
        (?, ?, ?)
Hibernate: 
    insert 
    into
        job_location
        (job_no, ord, sigungu) 
    values
        (?, ?, ?)
Hibernate: 
    insert 
    into
        job_location
        (job_no, ord, sigungu) 
    values
        (?, ?, ?)
Hibernate: 
    insert 
    into
        job
        (address, company_name, deadline, detail, edu, exp, exp_year, logo_file_name, mod_date, reg_date, title, writer) 
    values
        (?, ?, ?, ?, ?, ?, ?, ?, ?, ?, ?, ?)
Hibernate: 
    insert 
    into
        job_location
        (job_no, ord, sigungu) 
    values
        (?, ?, ?)
Hibernate: 
    insert 
    into
        job_location
        (job_no, ord, sigungu) 
    values
        (?, ?, ?)
Hibernate: 
    insert 
    into
        job_location
        (job_no, ord, sigungu) 
    values
        (?, ?, ?)
Hibernate: 
    insert 
    into
        job_location
        (job_no, ord, sigungu) 
    values
        (?, ?, ?)
Hibernate: 
    insert 
    into
        job_location
        (job_no, ord, sigungu) 
    values
        (?, ?, ?)
Hibernate: 
    insert 
    into
        job_location
        (job_no, ord, sigungu) 
    values
        (?, ?, ?)
Hibernate: 
    insert 
    into
        job_location
        (job_no, ord, sigungu) 
    values
        (?, ?, ?)
Hibernate: 
    insert 
    into
        job
        (address, company_name, deadline, detail, edu, exp, exp_year, logo_file_name, mod_date, reg_date, title, writer) 
    values
        (?, ?, ?, ?, ?, ?, ?, ?, ?, ?, ?, ?)
Hibernate: 
    insert 
    into
        job_location
        (job_no, ord, sigungu) 
    values
        (?, ?, ?)
Hibernate: 
    insert 
    into
        job_location
        (job_no, ord, sigungu) 
    values
        (?, ?, ?)
Hibernate: 
    insert 
    into
        job_location
        (job_no, ord, sigungu) 
    values
        (?, ?, ?)
Hibernate: 
    insert 
    into
        job_location
        (job_no, ord, sigungu) 
    values
        (?, ?, ?)
Hibernate: 
    insert 
    into
        job
        (address, company_name, deadline, detail, edu, exp, exp_year, logo_file_name, mod_date, reg_date, title, writer) 
    values
        (?, ?, ?, ?, ?, ?, ?, ?, ?, ?, ?, ?)
Hibernate: 
    insert 
    into
        job_location
        (job_no, ord, sigungu) 
    values
        (?, ?, ?)
Hibernate: 
    insert 
    into
        job_location
        (job_no, ord, sigungu) 
    values
        (?, ?, ?)
Hibernate: 
    insert 
    into
        job_location
        (job_no, ord, sigungu) 
    values
        (?, ?, ?)
Hibernate: 
    insert 
    into
        job
        (address, company_name, deadline, detail, edu, exp, exp_year, logo_file_name, mod_date, reg_date, title, writer) 
    values
        (?, ?, ?, ?, ?, ?, ?, ?, ?, ?, ?, ?)
Hibernate: 
    insert 
    into
        job_location
        (job_no, ord, sigungu) 
    values
        (?, ?, ?)
Hibernate: 
    insert 
    into
        job_location
        (job_no, ord, sigungu) 
    values
        (?, ?, ?)
Hibernate: 
    insert 
    into
        job_location
        (job_no, ord, sigungu) 
    values
        (?, ?, ?)
Hibernate: 
    insert 
    into
        job_location
        (job_no, ord, sigungu) 
    values
        (?, ?, ?)
Hibernate: 
    insert 
    into
        job
        (address, company_name, deadline, detail, edu, exp, exp_year, logo_file_name, mod_date, reg_date, title, writer) 
    values
        (?, ?, ?, ?, ?, ?, ?, ?, ?, ?, ?, ?)
Hibernate: 
    insert 
    into
        job_location
        (job_no, ord, sigungu) 
    values
        (?, ?, ?)
Hibernate: 
    insert 
    into
        job_location
        (job_no, ord, sigungu) 
    values
        (?, ?, ?)
Hibernate: 
    insert 
    into
        job_location
        (job_no, ord, sigungu) 
    values
        (?, ?, ?)
Hibernate: 
    insert 
    into
        job
        (address, company_name, deadline, detail, edu, exp, exp_year, logo_file_name, mod_date, reg_date, title, writer) 
    values
        (?, ?, ?, ?, ?, ?, ?, ?, ?, ?, ?, ?)
Hibernate: 
    insert 
    into
        job_location
        (job_no, ord, sigungu) 
    values
        (?, ?, ?)
Hibernate: 
    insert 
    into
        job_location
        (job_no, ord, sigungu) 
    values
        (?, ?, ?)
Hibernate: 
    insert 
    into
        job_location
        (job_no, ord, sigungu) 
    values
        (?, ?, ?)
Hibernate: 
    insert 
    into
        job
        (address, company_name, deadline, detail, edu, exp, exp_year, logo_file_name, mod_date, reg_date, title, writer) 
    values
        (?, ?, ?, ?, ?, ?, ?, ?, ?, ?, ?, ?)
Hibernate: 
    insert 
    into
        job_location
        (job_no, ord, sigungu) 
    values
        (?, ?, ?)
Hibernate: 
    insert 
    into
        job_location
        (job_no, ord, sigungu) 
    values
        (?, ?, ?)
Hibernate: 
    insert 
    into
        job_location
        (job_no, ord, sigungu) 
    values
        (?, ?, ?)
Hibernate: 
    insert 
    into
        job_location
        (job_no, ord, sigungu) 
    values
        (?, ?, ?)
Hibernate: 
    insert 
    into
        job_location
        (job_no, ord, sigungu) 
    values
        (?, ?, ?)
Hibernate: 
    insert 
    into
        job_location
        (job_no, ord, sigungu) 
    values
        (?, ?, ?)
Hibernate: 
    insert 
    into
        job_location
        (job_no, ord, sigungu) 
    values
        (?, ?, ?)
Hibernate: 
    insert 
    into
        job_location
        (job_no, ord, sigungu) 
    values
        (?, ?, ?)
Hibernate: 
    insert 
    into
        job_location
        (job_no, ord, sigungu) 
    values
        (?, ?, ?)
Hibernate: 
    insert 
    into
        job_location
        (job_no, ord, sigungu) 
    values
        (?, ?, ?)
Hibernate: 
    insert 
    into
        job
        (address, company_name, deadline, detail, edu, exp, exp_year, logo_file_name, mod_date, reg_date, title, writer) 
    values
        (?, ?, ?, ?, ?, ?, ?, ?, ?, ?, ?, ?)
Hibernate: 
    insert 
    into
        job_location
        (job_no, ord, sigungu) 
    values
        (?, ?, ?)
Hibernate: 
    insert 
    into
        job_location
        (job_no, ord, sigungu) 
    values
        (?, ?, ?)
Hibernate: 
    insert 
    into
        job_location
        (job_no, ord, sigungu) 
    values
        (?, ?, ?)
Hibernate: 
    insert 
    into
        job_location
        (job_no, ord, sigungu) 
    values
        (?, ?, ?)
Hibernate: 
    insert 
    into
        job_location
        (job_no, ord, sigungu) 
    values
        (?, ?, ?)
Hibernate: 
    insert 
    into
        job_location
        (job_no, ord, sigungu) 
    values
        (?, ?, ?)
Hibernate: 
    insert 
    into
        job_location
        (job_no, ord, sigungu) 
    values
        (?, ?, ?)
Hibernate: 
    insert 
    into
        job
        (address, company_name, deadline, detail, edu, exp, exp_year, logo_file_name, mod_date, reg_date, title, writer) 
    values
        (?, ?, ?, ?, ?, ?, ?, ?, ?, ?, ?, ?)
Hibernate: 
    insert 
    into
        job_location
        (job_no, ord, sigungu) 
    values
        (?, ?, ?)
Hibernate: 
    insert 
    into
        job_location
        (job_no, ord, sigungu) 
    values
        (?, ?, ?)
Hibernate: 
    insert 
    into
        job
        (address, company_name, deadline, detail, edu, exp, exp_year, logo_file_name, mod_date, reg_date, title, writer) 
    values
        (?, ?, ?, ?, ?, ?, ?, ?, ?, ?, ?, ?)
Hibernate: 
    insert 
    into
        job_location
        (job_no, ord, sigungu) 
    values
        (?, ?, ?)
Hibernate: 
    insert 
    into
        job_location
        (job_no, ord, sigungu) 
    values
        (?, ?, ?)
Hibernate: 
    insert 
    into
        job_location
        (job_no, ord, sigungu) 
    values
        (?, ?, ?)
Hibernate: 
    insert 
    into
        job
        (address, company_name, deadline, detail, edu, exp, exp_year, logo_file_name, mod_date, reg_date, title, writer) 
    values
        (?, ?, ?, ?, ?, ?, ?, ?, ?, ?, ?, ?)
Hibernate: 
    insert 
    into
        job_location
        (job_no, ord, sigungu) 
    values
        (?, ?, ?)
Hibernate: 
    insert 
    into
        job
        (address, company_name, deadline, detail, edu, exp, exp_year, logo_file_name, mod_date, reg_date, title, writer) 
    values
        (?, ?, ?, ?, ?, ?, ?, ?, ?, ?, ?, ?)
Hibernate: 
    insert 
    into
        job_location
        (job_no, ord, sigungu) 
    values
        (?, ?, ?)
Hibernate: 
    insert 
    into
        job_location
        (job_no, ord, sigungu) 
    values
        (?, ?, ?)
Hibernate: 
    insert 
    into
        job_location
        (job_no, ord, sigungu) 
    values
        (?, ?, ?)
Hibernate: 
    insert 
    into
        job_location
        (job_no, ord, sigungu) 
    values
        (?, ?, ?)
Hibernate: 
    insert 
    into
        job_location
        (job_no, ord, sigungu) 
    values
        (?, ?, ?)
Hibernate: 
    insert 
    into
        job
        (address, company_name, deadline, detail, edu, exp, exp_year, logo_file_name, mod_date, reg_date, title, writer) 
    values
        (?, ?, ?, ?, ?, ?, ?, ?, ?, ?, ?, ?)
Hibernate: 
    insert 
    into
        job_location
        (job_no, ord, sigungu) 
    values
        (?, ?, ?)
Hibernate: 
    insert 
    into
        job_location
        (job_no, ord, sigungu) 
    values
        (?, ?, ?)
Hibernate: 
    insert 
    into
        job_location
        (job_no, ord, sigungu) 
    values
        (?, ?, ?)
Hibernate: 
    insert 
    into
        job_location
        (job_no, ord, sigungu) 
    values
        (?, ?, ?)
Hibernate: 
    insert 
    into
        job_location
        (job_no, ord, sigungu) 
    values
        (?, ?, ?)
Hibernate: 
    insert 
    into
        job
        (address, company_name, deadline, detail, edu, exp, exp_year, logo_file_name, mod_date, reg_date, title, writer) 
    values
        (?, ?, ?, ?, ?, ?, ?, ?, ?, ?, ?, ?)
Hibernate: 
    insert 
    into
        job_location
        (job_no, ord, sigungu) 
    values
        (?, ?, ?)
Hibernate: 
    insert 
    into
        job_location
        (job_no, ord, sigungu) 
    values
        (?, ?, ?)
Hibernate: 
    insert 
    into
        job_location
        (job_no, ord, sigungu) 
    values
        (?, ?, ?)
Hibernate: 
    insert 
    into
        job_location
        (job_no, ord, sigungu) 
    values
        (?, ?, ?)
Hibernate: 
    insert 
    into
        job_location
        (job_no, ord, sigungu) 
    values
        (?, ?, ?)
Hibernate: 
    insert 
    into
        job_location
        (job_no, ord, sigungu) 
    values
        (?, ?, ?)
Hibernate: 
    insert 
    into
        job
        (address, company_name, deadline, detail, edu, exp, exp_year, logo_file_name, mod_date, reg_date, title, writer) 
    values
        (?, ?, ?, ?, ?, ?, ?, ?, ?, ?, ?, ?)
Hibernate: 
    insert 
    into
        job_location
        (job_no, ord, sigungu) 
    values
        (?, ?, ?)
Hibernate: 
    insert 
    into
        job_location
        (job_no, ord, sigungu) 
    values
        (?, ?, ?)
Hibernate: 
    insert 
    into
        job_location
        (job_no, ord, sigungu) 
    values
        (?, ?, ?)
Hibernate: 
    insert 
    into
        job_location
        (job_no, ord, sigungu) 
    values
        (?, ?, ?)
Hibernate: 
    insert 
    into
        job_location
        (job_no, ord, sigungu) 
    values
        (?, ?, ?)
Hibernate: 
    insert 
    into
        job
        (address, company_name, deadline, detail, edu, exp, exp_year, logo_file_name, mod_date, reg_date, title, writer) 
    values
        (?, ?, ?, ?, ?, ?, ?, ?, ?, ?, ?, ?)
Hibernate: 
    insert 
    into
        job_location
        (job_no, ord, sigungu) 
    values
        (?, ?, ?)
Hibernate: 
    insert 
    into
        job_location
        (job_no, ord, sigungu) 
    values
        (?, ?, ?)
Hibernate: 
    insert 
    into
        job_location
        (job_no, ord, sigungu) 
    values
        (?, ?, ?)
Hibernate: 
    insert 
    into
        job
        (address, company_name, deadline, detail, edu, exp, exp_year, logo_file_name, mod_date, reg_date, title, writer) 
    values
        (?, ?, ?, ?, ?, ?, ?, ?, ?, ?, ?, ?)
Hibernate: 
    insert 
    into
        job_location
        (job_no, ord, sigungu) 
    values
        (?, ?, ?)
Hibernate: 
    insert 
    into
        job_location
        (job_no, ord, sigungu) 
    values
        (?, ?, ?)
Hibernate: 
    insert 
    into
        job_location
        (job_no, ord, sigungu) 
    values
        (?, ?, ?)
Hibernate: 
    insert 
    into
        job_location
        (job_no, ord, sigungu) 
    values
        (?, ?, ?)
Hibernate: 
    insert 
    into
        job_location
        (job_no, ord, sigungu) 
    values
        (?, ?, ?)
Hibernate: 
    insert 
    into
        job
        (address, company_name, deadline, detail, edu, exp, exp_year, logo_file_name, mod_date, reg_date, title, writer) 
    values
        (?, ?, ?, ?, ?, ?, ?, ?, ?, ?, ?, ?)
Hibernate: 
    insert 
    into
        job_location
        (job_no, ord, sigungu) 
    values
        (?, ?, ?)
Hibernate: 
    insert 
    into
        job_location
        (job_no, ord, sigungu) 
    values
        (?, ?, ?)
Hibernate: 
    insert 
    into
        job_location
        (job_no, ord, sigungu) 
    values
        (?, ?, ?)
Hibernate: 
    insert 
    into
        job_location
        (job_no, ord, sigungu) 
    values
        (?, ?, ?)
Hibernate: 
    insert 
    into
        job_location
        (job_no, ord, sigungu) 
    values
        (?, ?, ?)
Hibernate: 
    insert 
    into
        job_location
        (job_no, ord, sigungu) 
    values
        (?, ?, ?)
Hibernate: 
    insert 
    into
        job_location
        (job_no, ord, sigungu) 
    values
        (?, ?, ?)
Hibernate: 
    insert 
    into
        job
        (address, company_name, deadline, detail, edu, exp, exp_year, logo_file_name, mod_date, reg_date, title, writer) 
    values
        (?, ?, ?, ?, ?, ?, ?, ?, ?, ?, ?, ?)
Hibernate: 
    insert 
    into
        job_location
        (job_no, ord, sigungu) 
    values
        (?, ?, ?)
Hibernate: 
    insert 
    into
        job_location
        (job_no, ord, sigungu) 
    values
        (?, ?, ?)
Hibernate: 
    insert 
    into
        job
        (address, company_name, deadline, detail, edu, exp, exp_year, logo_file_name, mod_date, reg_date, title, writer) 
    values
        (?, ?, ?, ?, ?, ?, ?, ?, ?, ?, ?, ?)
Hibernate: 
    insert 
    into
        job_location
        (job_no, ord, sigungu) 
    values
        (?, ?, ?)
Hibernate: 
    insert 
    into
        job_location
        (job_no, ord, sigungu) 
    values
        (?, ?, ?)
Hibernate: 
    insert 
    into
        job_location
        (job_no, ord, sigungu) 
    values
        (?, ?, ?)
Hibernate: 
    insert 
    into
        job_location
        (job_no, ord, sigungu) 
    values
        (?, ?, ?)
Hibernate: 
    insert 
    into
        job
        (address, company_name, deadline, detail, edu, exp, exp_year, logo_file_name, mod_date, reg_date, title, writer) 
    values
        (?, ?, ?, ?, ?, ?, ?, ?, ?, ?, ?, ?)
Hibernate: 
    insert 
    into
        job_location
        (job_no, ord, sigungu) 
    values
        (?, ?, ?)
Hibernate: 
    insert 
    into
        job_location
        (job_no, ord, sigungu) 
    values
        (?, ?, ?)
Hibernate: 
    insert 
    into
        job_location
        (job_no, ord, sigungu) 
    values
        (?, ?, ?)
Hibernate: 
    insert 
    into
        job
        (address, company_name, deadline, detail, edu, exp, exp_year, logo_file_name, mod_date, reg_date, title, writer) 
    values
        (?, ?, ?, ?, ?, ?, ?, ?, ?, ?, ?, ?)
Hibernate: 
    insert 
    into
        job_location
        (job_no, ord, sigungu) 
    values
        (?, ?, ?)
Hibernate: 
    insert 
    into
        job_location
        (job_no, ord, sigungu) 
    values
        (?, ?, ?)
Hibernate: 
    insert 
    into
        job_location
        (job_no, ord, sigungu) 
    values
        (?, ?, ?)
Hibernate: 
    insert 
    into
        job_location
        (job_no, ord, sigungu) 
    values
        (?, ?, ?)
Hibernate: 
    insert 
    into
        job
        (address, company_name, deadline, detail, edu, exp, exp_year, logo_file_name, mod_date, reg_date, title, writer) 
    values
        (?, ?, ?, ?, ?, ?, ?, ?, ?, ?, ?, ?)
Hibernate: 
    insert 
    into
        job_location
        (job_no, ord, sigungu) 
    values
        (?, ?, ?)
Hibernate: 
    insert 
    into
        job_location
        (job_no, ord, sigungu) 
    values
        (?, ?, ?)
Hibernate: 
    insert 
    into
        job_location
        (job_no, ord, sigungu) 
    values
        (?, ?, ?)
Hibernate: 
    insert 
    into
        job_location
        (job_no, ord, sigungu) 
    values
        (?, ?, ?)
Hibernate: 
    insert 
    into
        job
        (address, company_name, deadline, detail, edu, exp, exp_year, logo_file_name, mod_date, reg_date, title, writer) 
    values
        (?, ?, ?, ?, ?, ?, ?, ?, ?, ?, ?, ?)
Hibernate: 
    insert 
    into
        job_location
        (job_no, ord, sigungu) 
    values
        (?, ?, ?)
Hibernate: 
    insert 
    into
        job_location
        (job_no, ord, sigungu) 
    values
        (?, ?, ?)
Hibernate: 
    insert 
    into
        job_location
        (job_no, ord, sigungu) 
    values
        (?, ?, ?)
Hibernate: 
    insert 
    into
        job_location
        (job_no, ord, sigungu) 
    values
        (?, ?, ?)
Hibernate: 
    insert 
    into
        job_location
        (job_no, ord, sigungu) 
    values
        (?, ?, ?)
Hibernate: 
    insert 
    into
        job_location
        (job_no, ord, sigungu) 
    values
        (?, ?, ?)
Hibernate: 
    insert 
    into
        job_location
        (job_no, ord, sigungu) 
    values
        (?, ?, ?)
Hibernate: 
    insert 
    into
        job_location
        (job_no, ord, sigungu) 
    values
        (?, ?, ?)
Hibernate: 
    insert 
    into
        job_location
        (job_no, ord, sigungu) 
    values
        (?, ?, ?)
Hibernate: 
    insert 
    into
        job_location
        (job_no, ord, sigungu) 
    values
        (?, ?, ?)
Hibernate: 
    insert 
    into
        job
        (address, company_name, deadline, detail, edu, exp, exp_year, logo_file_name, mod_date, reg_date, title, writer) 
    values
        (?, ?, ?, ?, ?, ?, ?, ?, ?, ?, ?, ?)
Hibernate: 
    insert 
    into
        job_location
        (job_no, ord, sigungu) 
    values
        (?, ?, ?)
Hibernate: 
    insert 
    into
        job_location
        (job_no, ord, sigungu) 
    values
        (?, ?, ?)
Hibernate: 
    insert 
    into
        job_location
        (job_no, ord, sigungu) 
    values
        (?, ?, ?)
Hibernate: 
    insert 
    into
        job_location
        (job_no, ord, sigungu) 
    values
        (?, ?, ?)
Hibernate: 
    insert 
    into
        job_location
        (job_no, ord, sigungu) 
    values
        (?, ?, ?)
Hibernate: 
    insert 
    into
        job_location
        (job_no, ord, sigungu) 
    values
        (?, ?, ?)
Hibernate: 
    insert 
    into
        job_location
        (job_no, ord, sigungu) 
    values
        (?, ?, ?)
Hibernate: 
    insert 
    into
        job_location
        (job_no, ord, sigungu) 
    values
        (?, ?, ?)
Hibernate: 
    insert 
    into
        job_location
        (job_no, ord, sigungu) 
    values
        (?, ?, ?)
Hibernate: 
    insert 
    into
        job
        (address, company_name, deadline, detail, edu, exp, exp_year, logo_file_name, mod_date, reg_date, title, writer) 
    values
        (?, ?, ?, ?, ?, ?, ?, ?, ?, ?, ?, ?)
Hibernate: 
    insert 
    into
        job_location
        (job_no, ord, sigungu) 
    values
        (?, ?, ?)
Hibernate: 
    insert 
    into
        job_location
        (job_no, ord, sigungu) 
    values
        (?, ?, ?)
Hibernate: 
    insert 
    into
        job_location
        (job_no, ord, sigungu) 
    values
        (?, ?, ?)
Hibernate: 
    insert 
    into
        job
        (address, company_name, deadline, detail, edu, exp, exp_year, logo_file_name, mod_date, reg_date, title, writer) 
    values
        (?, ?, ?, ?, ?, ?, ?, ?, ?, ?, ?, ?)
Hibernate: 
    insert 
    into
        job_location
        (job_no, ord, sigungu) 
    values
        (?, ?, ?)
Hibernate: 
    insert 
    into
        job_location
        (job_no, ord, sigungu) 
    values
        (?, ?, ?)
Hibernate: 
    insert 
    into
        job_location
        (job_no, ord, sigungu) 
    values
        (?, ?, ?)
Hibernate: 
    insert 
    into
        job_location
        (job_no, ord, sigungu) 
    values
        (?, ?, ?)
Hibernate: 
    insert 
    into
        job_location
        (job_no, ord, sigungu) 
    values
        (?, ?, ?)
Hibernate: 
    insert 
    into
        job_location
        (job_no, ord, sigungu) 
    values
        (?, ?, ?)
Hibernate: 
    insert 
    into
        job_location
        (job_no, ord, sigungu) 
    values
        (?, ?, ?)
Hibernate: 
    insert 
    into
        job_location
        (job_no, ord, sigungu) 
    values
        (?, ?, ?)
Hibernate: 
    insert 
    into
        job_location
        (job_no, ord, sigungu) 
    values
        (?, ?, ?)
Hibernate: 
    insert 
    into
        job_location
        (job_no, ord, sigungu) 
    values
        (?, ?, ?)
Hibernate: 
    insert 
    into
        job
        (address, company_name, deadline, detail, edu, exp, exp_year, logo_file_name, mod_date, reg_date, title, writer) 
    values
        (?, ?, ?, ?, ?, ?, ?, ?, ?, ?, ?, ?)
Hibernate: 
    insert 
    into
        job_location
        (job_no, ord, sigungu) 
    values
        (?, ?, ?)
Hibernate: 
    insert 
    into
        job_location
        (job_no, ord, sigungu) 
    values
        (?, ?, ?)
Hibernate: 
    insert 
    into
        job_location
        (job_no, ord, sigungu) 
    values
        (?, ?, ?)
Hibernate: 
    insert 
    into
        job_location
        (job_no, ord, sigungu) 
    values
        (?, ?, ?)
Hibernate: 
    insert 
    into
        job_location
        (job_no, ord, sigungu) 
    values
        (?, ?, ?)
Hibernate: 
    insert 
    into
        job_location
        (job_no, ord, sigungu) 
    values
        (?, ?, ?)
Hibernate: 
    insert 
    into
        job_location
        (job_no, ord, sigungu) 
    values
        (?, ?, ?)
Hibernate: 
    insert 
    into
        job_location
        (job_no, ord, sigungu) 
    values
        (?, ?, ?)
Hibernate: 
    insert 
    into
        job_location
        (job_no, ord, sigungu) 
    values
        (?, ?, ?)
Hibernate: 
    insert 
    into
        job_location
        (job_no, ord, sigungu) 
    values
        (?, ?, ?)
Hibernate: 
    insert 
    into
        job
        (address, company_name, deadline, detail, edu, exp, exp_year, logo_file_name, mod_date, reg_date, title, writer) 
    values
        (?, ?, ?, ?, ?, ?, ?, ?, ?, ?, ?, ?)
Hibernate: 
    insert 
    into
        job_location
        (job_no, ord, sigungu) 
    values
        (?, ?, ?)
Hibernate: 
    insert 
    into
        job_location
        (job_no, ord, sigungu) 
    values
        (?, ?, ?)
Hibernate: 
    insert 
    into
        job_location
        (job_no, ord, sigungu) 
    values
        (?, ?, ?)
Hibernate: 
    insert 
    into
        job_location
        (job_no, ord, sigungu) 
    values
        (?, ?, ?)
Hibernate: 
    insert 
    into
        job
        (address, company_name, deadline, detail, edu, exp, exp_year, logo_file_name, mod_date, reg_date, title, writer) 
    values
        (?, ?, ?, ?, ?, ?, ?, ?, ?, ?, ?, ?)
Hibernate: 
    insert 
    into
        job_location
        (job_no, ord, sigungu) 
    values
        (?, ?, ?)
Hibernate: 
    insert 
    into
        job_location
        (job_no, ord, sigungu) 
    values
        (?, ?, ?)
Hibernate: 
    insert 
    into
        job_location
        (job_no, ord, sigungu) 
    values
        (?, ?, ?)
Hibernate: 
    insert 
    into
        job_location
        (job_no, ord, sigungu) 
    values
        (?, ?, ?)
Hibernate: 
    insert 
    into
        job_location
        (job_no, ord, sigungu) 
    values
        (?, ?, ?)
Hibernate: 
    insert 
    into
        job_location
        (job_no, ord, sigungu) 
    values
        (?, ?, ?)
Hibernate: 
    insert 
    into
        job_location
        (job_no, ord, sigungu) 
    values
        (?, ?, ?)
Hibernate: 
    insert 
    into
        job_location
        (job_no, ord, sigungu) 
    values
        (?, ?, ?)
Hibernate: 
    insert 
    into
        job_location
        (job_no, ord, sigungu) 
    values
        (?, ?, ?)
Hibernate: 
    insert 
    into
        job
        (address, company_name, deadline, detail, edu, exp, exp_year, logo_file_name, mod_date, reg_date, title, writer) 
    values
        (?, ?, ?, ?, ?, ?, ?, ?, ?, ?, ?, ?)
Hibernate: 
    insert 
    into
        job_location
        (job_no, ord, sigungu) 
    values
        (?, ?, ?)
Hibernate: 
    insert 
    into
        job_location
        (job_no, ord, sigungu) 
    values
        (?, ?, ?)
Hibernate: 
    insert 
    into
        job_location
        (job_no, ord, sigungu) 
    values
        (?, ?, ?)
Hibernate: 
    insert 
    into
        job_location
        (job_no, ord, sigungu) 
    values
        (?, ?, ?)
Hibernate: 
    insert 
    into
        job
        (address, company_name, deadline, detail, edu, exp, exp_year, logo_file_name, mod_date, reg_date, title, writer) 
    values
        (?, ?, ?, ?, ?, ?, ?, ?, ?, ?, ?, ?)
Hibernate: 
    insert 
    into
        job_location
        (job_no, ord, sigungu) 
    values
        (?, ?, ?)
Hibernate: 
    insert 
    into
        job_location
        (job_no, ord, sigungu) 
    values
        (?, ?, ?)
Hibernate: 
    insert 
    into
        job_location
        (job_no, ord, sigungu) 
    values
        (?, ?, ?)
Hibernate: 
    insert 
    into
        job_location
        (job_no, ord, sigungu) 
    values
        (?, ?, ?)
Hibernate: 
    insert 
    into
        job_location
        (job_no, ord, sigungu) 
    values
        (?, ?, ?)
Hibernate: 
    insert 
    into
        job_location
        (job_no, ord, sigungu) 
    values
        (?, ?, ?)
Hibernate: 
    insert 
    into
        job_location
        (job_no, ord, sigungu) 
    values
        (?, ?, ?)
Hibernate: 
    insert 
    into
        job_location
        (job_no, ord, sigungu) 
    values
        (?, ?, ?)
Hibernate: 
    insert 
    into
        job
        (address, company_name, deadline, detail, edu, exp, exp_year, logo_file_name, mod_date, reg_date, title, writer) 
    values
        (?, ?, ?, ?, ?, ?, ?, ?, ?, ?, ?, ?)
Hibernate: 
    insert 
    into
        job_location
        (job_no, ord, sigungu) 
    values
        (?, ?, ?)
Hibernate: 
    insert 
    into
        job_location
        (job_no, ord, sigungu) 
    values
        (?, ?, ?)
Hibernate: 
    insert 
    into
        job_location
        (job_no, ord, sigungu) 
    values
        (?, ?, ?)
Hibernate: 
    insert 
    into
        job_location
        (job_no, ord, sigungu) 
    values
        (?, ?, ?)
Hibernate: 
    insert 
    into
        job
        (address, company_name, deadline, detail, edu, exp, exp_year, logo_file_name, mod_date, reg_date, title, writer) 
    values
        (?, ?, ?, ?, ?, ?, ?, ?, ?, ?, ?, ?)
Hibernate: 
    insert 
    into
        job_location
        (job_no, ord, sigungu) 
    values
        (?, ?, ?)
Hibernate: 
    insert 
    into
        job
        (address, company_name, deadline, detail, edu, exp, exp_year, logo_file_name, mod_date, reg_date, title, writer) 
    values
        (?, ?, ?, ?, ?, ?, ?, ?, ?, ?, ?, ?)
Hibernate: 
    insert 
    into
        job_location
        (job_no, ord, sigungu) 
    values
        (?, ?, ?)
Hibernate: 
    insert 
    into
        job_location
        (job_no, ord, sigungu) 
    values
        (?, ?, ?)
Hibernate: 
    insert 
    into
        job
        (address, company_name, deadline, detail, edu, exp, exp_year, logo_file_name, mod_date, reg_date, title, writer) 
    values
        (?, ?, ?, ?, ?, ?, ?, ?, ?, ?, ?, ?)
Hibernate: 
    insert 
    into
        job_location
        (job_no, ord, sigungu) 
    values
        (?, ?, ?)
Hibernate: 
    insert 
    into
        job_location
        (job_no, ord, sigungu) 
    values
        (?, ?, ?)
Hibernate: 
    insert 
    into
        job_location
        (job_no, ord, sigungu) 
    values
        (?, ?, ?)
Hibernate: 
    insert 
    into
        job_location
        (job_no, ord, sigungu) 
    values
        (?, ?, ?)
Hibernate: 
    insert 
    into
        job_location
        (job_no, ord, sigungu) 
    values
        (?, ?, ?)
Hibernate: 
    insert 
    into
        job_location
        (job_no, ord, sigungu) 
    values
        (?, ?, ?)
Hibernate: 
    insert 
    into
        job_location
        (job_no, ord, sigungu) 
    values
        (?, ?, ?)
Hibernate: 
    insert 
    into
        job_location
        (job_no, ord, sigungu) 
    values
        (?, ?, ?)
Hibernate: 
    insert 
    into
        job_location
        (job_no, ord, sigungu) 
    values
        (?, ?, ?)
Hibernate: 
    insert 
    into
        job_location
        (job_no, ord, sigungu) 
    values
        (?, ?, ?)
Hibernate: 
    insert 
    into
        job
        (address, company_name, deadline, detail, edu, exp, exp_year, logo_file_name, mod_date, reg_date, title, writer) 
    values
        (?, ?, ?, ?, ?, ?, ?, ?, ?, ?, ?, ?)
Hibernate: 
    insert 
    into
        job_location
        (job_no, ord, sigungu) 
    values
        (?, ?, ?)
Hibernate: 
    insert 
    into
        job_location
        (job_no, ord, sigungu) 
    values
        (?, ?, ?)
Hibernate: 
    insert 
    into
        job_location
        (job_no, ord, sigungu) 
    values
        (?, ?, ?)
Hibernate: 
    insert 
    into
        job_location
        (job_no, ord, sigungu) 
    values
        (?, ?, ?)
Hibernate: 
    insert 
    into
        job_location
        (job_no, ord, sigungu) 
    values
        (?, ?, ?)
Hibernate: 
    insert 
    into
        job
        (address, company_name, deadline, detail, edu, exp, exp_year, logo_file_name, mod_date, reg_date, title, writer) 
    values
        (?, ?, ?, ?, ?, ?, ?, ?, ?, ?, ?, ?)
Hibernate: 
    insert 
    into
        job_location
        (job_no, ord, sigungu) 
    values
        (?, ?, ?)
Hibernate: 
    insert 
    into
        job_location
        (job_no, ord, sigungu) 
    values
        (?, ?, ?)
Hibernate: 
    insert 
    into
        job_location
        (job_no, ord, sigungu) 
    values
        (?, ?, ?)
Hibernate: 
    insert 
    into
        job
        (address, company_name, deadline, detail, edu, exp, exp_year, logo_file_name, mod_date, reg_date, title, writer) 
    values
        (?, ?, ?, ?, ?, ?, ?, ?, ?, ?, ?, ?)
Hibernate: 
    insert 
    into
        job_location
        (job_no, ord, sigungu) 
    values
        (?, ?, ?)
Hibernate: 
    insert 
    into
        job_location
        (job_no, ord, sigungu) 
    values
        (?, ?, ?)
Hibernate: 
    insert 
    into
        job_location
        (job_no, ord, sigungu) 
    values
        (?, ?, ?)
Hibernate: 
    insert 
    into
        job_location
        (job_no, ord, sigungu) 
    values
        (?, ?, ?)
Hibernate: 
    insert 
    into
        job
        (address, company_name, deadline, detail, edu, exp, exp_year, logo_file_name, mod_date, reg_date, title, writer) 
    values
        (?, ?, ?, ?, ?, ?, ?, ?, ?, ?, ?, ?)
Hibernate: 
    insert 
    into
        job_location
        (job_no, ord, sigungu) 
    values
        (?, ?, ?)
Hibernate: 
    insert 
    into
        job
        (address, company_name, deadline, detail, edu, exp, exp_year, logo_file_name, mod_date, reg_date, title, writer) 
    values
        (?, ?, ?, ?, ?, ?, ?, ?, ?, ?, ?, ?)
Hibernate: 
    insert 
    into
        job_location
        (job_no, ord, sigungu) 
    values
        (?, ?, ?)
Hibernate: 
    insert 
    into
        job_location
        (job_no, ord, sigungu) 
    values
        (?, ?, ?)
Hibernate: 
    insert 
    into
        job
        (address, company_name, deadline, detail, edu, exp, exp_year, logo_file_name, mod_date, reg_date, title, writer) 
    values
        (?, ?, ?, ?, ?, ?, ?, ?, ?, ?, ?, ?)
Hibernate: 
    insert 
    into
        job_location
        (job_no, ord, sigungu) 
    values
        (?, ?, ?)
Hibernate: 
    insert 
    into
        job_location
        (job_no, ord, sigungu) 
    values
        (?, ?, ?)
Hibernate: 
    insert 
    into
        job
        (address, company_name, deadline, detail, edu, exp, exp_year, logo_file_name, mod_date, reg_date, title, writer) 
    values
        (?, ?, ?, ?, ?, ?, ?, ?, ?, ?, ?, ?)
Hibernate: 
    insert 
    into
        job_location
        (job_no, ord, sigungu) 
    values
        (?, ?, ?)
Hibernate: 
    insert 
    into
        job_location
        (job_no, ord, sigungu) 
    values
        (?, ?, ?)
Hibernate: 
    insert 
    into
        job_location
        (job_no, ord, sigungu) 
    values
        (?, ?, ?)
Hibernate: 
    insert 
    into
        job_location
        (job_no, ord, sigungu) 
    values
        (?, ?, ?)
Hibernate: 
    insert 
    into
        job
        (address, company_name, deadline, detail, edu, exp, exp_year, logo_file_name, mod_date, reg_date, title, writer) 
    values
        (?, ?, ?, ?, ?, ?, ?, ?, ?, ?, ?, ?)
Hibernate: 
    insert 
    into
        job_location
        (job_no, ord, sigungu) 
    values
        (?, ?, ?)
Hibernate: 
    insert 
    into
        job_location
        (job_no, ord, sigungu) 
    values
        (?, ?, ?)
Hibernate: 
    insert 
    into
        job_location
        (job_no, ord, sigungu) 
    values
        (?, ?, ?)
Hibernate: 
    insert 
    into
        job_location
        (job_no, ord, sigungu) 
    values
        (?, ?, ?)
Hibernate: 
    insert 
    into
        job_location
        (job_no, ord, sigungu) 
    values
        (?, ?, ?)
Hibernate: 
    insert 
    into
        job_location
        (job_no, ord, sigungu) 
    values
        (?, ?, ?)
Hibernate: 
    insert 
    into
        job
        (address, company_name, deadline, detail, edu, exp, exp_year, logo_file_name, mod_date, reg_date, title, writer) 
    values
        (?, ?, ?, ?, ?, ?, ?, ?, ?, ?, ?, ?)
Hibernate: 
    insert 
    into
        job_location
        (job_no, ord, sigungu) 
    values
        (?, ?, ?)
Hibernate: 
    insert 
    into
        job_location
        (job_no, ord, sigungu) 
    values
        (?, ?, ?)
Hibernate: 
    insert 
    into
        job_location
        (job_no, ord, sigungu) 
    values
        (?, ?, ?)
Hibernate: 
    insert 
    into
        job_location
        (job_no, ord, sigungu) 
    values
        (?, ?, ?)
Hibernate: 
    insert 
    into
        job_location
        (job_no, ord, sigungu) 
    values
        (?, ?, ?)
Hibernate: 
    insert 
    into
        job_location
        (job_no, ord, sigungu) 
    values
        (?, ?, ?)
Hibernate: 
    insert 
    into
        job_location
        (job_no, ord, sigungu) 
    values
        (?, ?, ?)
Hibernate: 
    insert 
    into
        job_location
        (job_no, ord, sigungu) 
    values
        (?, ?, ?)
Hibernate: 
    insert 
    into
        job_location
        (job_no, ord, sigungu) 
    values
        (?, ?, ?)
Hibernate: 
    insert 
    into
        job_location
        (job_no, ord, sigungu) 
    values
        (?, ?, ?)
Hibernate: 
    insert 
    into
        job
        (address, company_name, deadline, detail, edu, exp, exp_year, logo_file_name, mod_date, reg_date, title, writer) 
    values
        (?, ?, ?, ?, ?, ?, ?, ?, ?, ?, ?, ?)
Hibernate: 
    insert 
    into
        job_location
        (job_no, ord, sigungu) 
    values
        (?, ?, ?)
Hibernate: 
    insert 
    into
        job_location
        (job_no, ord, sigungu) 
    values
        (?, ?, ?)
Hibernate: 
    insert 
    into
        job_location
        (job_no, ord, sigungu) 
    values
        (?, ?, ?)
Hibernate: 
    insert 
    into
        job_location
        (job_no, ord, sigungu) 
    values
        (?, ?, ?)
Hibernate: 
    insert 
    into
        job
        (address, company_name, deadline, detail, edu, exp, exp_year, logo_file_name, mod_date, reg_date, title, writer) 
    values
        (?, ?, ?, ?, ?, ?, ?, ?, ?, ?, ?, ?)
Hibernate: 
    insert 
    into
        job_location
        (job_no, ord, sigungu) 
    values
        (?, ?, ?)
Hibernate: 
    insert 
    into
        job_location
        (job_no, ord, sigungu) 
    values
        (?, ?, ?)
Hibernate: 
    insert 
    into
        job_location
        (job_no, ord, sigungu) 
    values
        (?, ?, ?)
Hibernate: 
    insert 
    into
        job_location
        (job_no, ord, sigungu) 
    values
        (?, ?, ?)
Hibernate: 
    insert 
    into
        job_location
        (job_no, ord, sigungu) 
    values
        (?, ?, ?)
Hibernate: 
    insert 
    into
        job_location
        (job_no, ord, sigungu) 
    values
        (?, ?, ?)
Hibernate: 
    insert 
    into
        job
        (address, company_name, deadline, detail, edu, exp, exp_year, logo_file_name, mod_date, reg_date, title, writer) 
    values
        (?, ?, ?, ?, ?, ?, ?, ?, ?, ?, ?, ?)
Hibernate: 
    insert 
    into
        job_location
        (job_no, ord, sigungu) 
    values
        (?, ?, ?)
Hibernate: 
    insert 
    into
        job_location
        (job_no, ord, sigungu) 
    values
        (?, ?, ?)
Hibernate: 
    insert 
    into
        job_location
        (job_no, ord, sigungu) 
    values
        (?, ?, ?)
Hibernate: 
    insert 
    into
        job_location
        (job_no, ord, sigungu) 
    values
        (?, ?, ?)
Hibernate: 
    insert 
    into
        job
        (address, company_name, deadline, detail, edu, exp, exp_year, logo_file_name, mod_date, reg_date, title, writer) 
    values
        (?, ?, ?, ?, ?, ?, ?, ?, ?, ?, ?, ?)
Hibernate: 
    insert 
    into
        job_location
        (job_no, ord, sigungu) 
    values
        (?, ?, ?)
Hibernate: 
    insert 
    into
        job_location
        (job_no, ord, sigungu) 
    values
        (?, ?, ?)
Hibernate: 
    insert 
    into
        job_location
        (job_no, ord, sigungu) 
    values
        (?, ?, ?)
Hibernate: 
    insert 
    into
        job_location
        (job_no, ord, sigungu) 
    values
        (?, ?, ?)
Hibernate: 
    insert 
    into
        job_location
        (job_no, ord, sigungu) 
    values
        (?, ?, ?)
Hibernate: 
    insert 
    into
        job_location
        (job_no, ord, sigungu) 
    values
        (?, ?, ?)
Hibernate: 
    insert 
    into
        job
        (address, company_name, deadline, detail, edu, exp, exp_year, logo_file_name, mod_date, reg_date, title, writer) 
    values
        (?, ?, ?, ?, ?, ?, ?, ?, ?, ?, ?, ?)
Hibernate: 
    insert 
    into
        job_location
        (job_no, ord, sigungu) 
    values
        (?, ?, ?)
Hibernate: 
    insert 
    into
        job
        (address, company_name, deadline, detail, edu, exp, exp_year, logo_file_name, mod_date, reg_date, title, writer) 
    values
        (?, ?, ?, ?, ?, ?, ?, ?, ?, ?, ?, ?)
Hibernate: 
    insert 
    into
        job_location
        (job_no, ord, sigungu) 
    values
        (?, ?, ?)
Hibernate: 
    insert 
    into
        job_location
        (job_no, ord, sigungu) 
    values
        (?, ?, ?)
Hibernate: 
    insert 
    into
        job_location
        (job_no, ord, sigungu) 
    values
        (?, ?, ?)
Hibernate: 
    insert 
    into
        job_location
        (job_no, ord, sigungu) 
    values
        (?, ?, ?)
Hibernate: 
    insert 
    into
        job_location
        (job_no, ord, sigungu) 
    values
        (?, ?, ?)
Hibernate: 
    insert 
    into
        job_location
        (job_no, ord, sigungu) 
    values
        (?, ?, ?)
Hibernate: 
    insert 
    into
        job_location
        (job_no, ord, sigungu) 
    values
        (?, ?, ?)
Hibernate: 
    insert 
    into
        job_location
        (job_no, ord, sigungu) 
    values
        (?, ?, ?)
Hibernate: 
    insert 
    into
        job_location
        (job_no, ord, sigungu) 
    values
        (?, ?, ?)
Hibernate: 
    insert 
    into
        job_location
        (job_no, ord, sigungu) 
    values
        (?, ?, ?)
Hibernate: 
    insert 
    into
        job
        (address, company_name, deadline, detail, edu, exp, exp_year, logo_file_name, mod_date, reg_date, title, writer) 
    values
        (?, ?, ?, ?, ?, ?, ?, ?, ?, ?, ?, ?)
Hibernate: 
    insert 
    into
        job_location
        (job_no, ord, sigungu) 
    values
        (?, ?, ?)
Hibernate: 
    insert 
    into
        job_location
        (job_no, ord, sigungu) 
    values
        (?, ?, ?)
Hibernate: 
    insert 
    into
        job
        (address, company_name, deadline, detail, edu, exp, exp_year, logo_file_name, mod_date, reg_date, title, writer) 
    values
        (?, ?, ?, ?, ?, ?, ?, ?, ?, ?, ?, ?)
Hibernate: 
    insert 
    into
        job_location
        (job_no, ord, sigungu) 
    values
        (?, ?, ?)
Hibernate: 
    insert 
    into
        job_location
        (job_no, ord, sigungu) 
    values
        (?, ?, ?)
Hibernate: 
    insert 
    into
        job_location
        (job_no, ord, sigungu) 
    values
        (?, ?, ?)
Hibernate: 
    insert 
    into
        job
        (address, company_name, deadline, detail, edu, exp, exp_year, logo_file_name, mod_date, reg_date, title, writer) 
    values
        (?, ?, ?, ?, ?, ?, ?, ?, ?, ?, ?, ?)
Hibernate: 
    insert 
    into
        job_location
        (job_no, ord, sigungu) 
    values
        (?, ?, ?)
Hibernate: 
    insert 
    into
        job
        (address, company_name, deadline, detail, edu, exp, exp_year, logo_file_name, mod_date, reg_date, title, writer) 
    values
        (?, ?, ?, ?, ?, ?, ?, ?, ?, ?, ?, ?)
Hibernate: 
    insert 
    into
        job_location
        (job_no, ord, sigungu) 
    values
        (?, ?, ?)
Hibernate: 
    insert 
    into
        job
        (address, company_name, deadline, detail, edu, exp, exp_year, logo_file_name, mod_date, reg_date, title, writer) 
    values
        (?, ?, ?, ?, ?, ?, ?, ?, ?, ?, ?, ?)
Hibernate: 
    insert 
    into
        job_location
        (job_no, ord, sigungu) 
    values
        (?, ?, ?)
Hibernate: 
    insert 
    into
        job_location
        (job_no, ord, sigungu) 
    values
        (?, ?, ?)
Hibernate: 
    insert 
    into
        job_location
        (job_no, ord, sigungu) 
    values
        (?, ?, ?)
Hibernate: 
    insert 
    into
        job_location
        (job_no, ord, sigungu) 
    values
        (?, ?, ?)
Hibernate: 
    insert 
    into
        job_location
        (job_no, ord, sigungu) 
    values
        (?, ?, ?)
Hibernate: 
    insert 
    into
        job_location
        (job_no, ord, sigungu) 
    values
        (?, ?, ?)
Hibernate: 
    insert 
    into
        job_location
        (job_no, ord, sigungu) 
    values
        (?, ?, ?)
Hibernate: 
    insert 
    into
        job
        (address, company_name, deadline, detail, edu, exp, exp_year, logo_file_name, mod_date, reg_date, title, writer) 
    values
        (?, ?, ?, ?, ?, ?, ?, ?, ?, ?, ?, ?)
Hibernate: 
    insert 
    into
        job_location
        (job_no, ord, sigungu) 
    values
        (?, ?, ?)
Hibernate: 
    insert 
    into
        job_location
        (job_no, ord, sigungu) 
    values
        (?, ?, ?)
Hibernate: 
    insert 
    into
        job_location
        (job_no, ord, sigungu) 
    values
        (?, ?, ?)
Hibernate: 
    insert 
    into
        job_location
        (job_no, ord, sigungu) 
    values
        (?, ?, ?)
Hibernate: 
    insert 
    into
        job_location
        (job_no, ord, sigungu) 
    values
        (?, ?, ?)
Hibernate: 
    insert 
    into
        job_location
        (job_no, ord, sigungu) 
    values
        (?, ?, ?)
Hibernate: 
    insert 
    into
        job_location
        (job_no, ord, sigungu) 
    values
        (?, ?, ?)
Hibernate: 
    insert 
    into
        job_location
        (job_no, ord, sigungu) 
    values
        (?, ?, ?)
Hibernate: 
    insert 
    into
        job
        (address, company_name, deadline, detail, edu, exp, exp_year, logo_file_name, mod_date, reg_date, title, writer) 
    values
        (?, ?, ?, ?, ?, ?, ?, ?, ?, ?, ?, ?)
Hibernate: 
    insert 
    into
        job_location
        (job_no, ord, sigungu) 
    values
        (?, ?, ?)
Hibernate: 
    insert 
    into
        job_location
        (job_no, ord, sigungu) 
    values
        (?, ?, ?)
Hibernate: 
    insert 
    into
        job_location
        (job_no, ord, sigungu) 
    values
        (?, ?, ?)
Hibernate: 
    insert 
    into
        job_location
        (job_no, ord, sigungu) 
    values
        (?, ?, ?)
Hibernate: 
    insert 
    into
        job_location
        (job_no, ord, sigungu) 
    values
        (?, ?, ?)
Hibernate: 
    insert 
    into
        job_location
        (job_no, ord, sigungu) 
    values
        (?, ?, ?)
Hibernate: 
    insert 
    into
        job_location
        (job_no, ord, sigungu) 
    values
        (?, ?, ?)
Hibernate: 
    insert 
    into
        job_location
        (job_no, ord, sigungu) 
    values
        (?, ?, ?)
Hibernate: 
    insert 
    into
        job
        (address, company_name, deadline, detail, edu, exp, exp_year, logo_file_name, mod_date, reg_date, title, writer) 
    values
        (?, ?, ?, ?, ?, ?, ?, ?, ?, ?, ?, ?)
Hibernate: 
    insert 
    into
        job_location
        (job_no, ord, sigungu) 
    values
        (?, ?, ?)
Hibernate: 
    insert 
    into
        job_location
        (job_no, ord, sigungu) 
    values
        (?, ?, ?)
Hibernate: 
    insert 
    into
        job_location
        (job_no, ord, sigungu) 
    values
        (?, ?, ?)
Hibernate: 
    insert 
    into
        job_location
        (job_no, ord, sigungu) 
    values
        (?, ?, ?)
Hibernate: 
    insert 
    into
        job_location
        (job_no, ord, sigungu) 
    values
        (?, ?, ?)
Hibernate: 
    insert 
    into
        job_location
        (job_no, ord, sigungu) 
    values
        (?, ?, ?)
Hibernate: 
    insert 
    into
        job_location
        (job_no, ord, sigungu) 
    values
        (?, ?, ?)
Hibernate: 
    insert 
    into
        job
        (address, company_name, deadline, detail, edu, exp, exp_year, logo_file_name, mod_date, reg_date, title, writer) 
    values
        (?, ?, ?, ?, ?, ?, ?, ?, ?, ?, ?, ?)
Hibernate: 
    insert 
    into
        job_location
        (job_no, ord, sigungu) 
    values
        (?, ?, ?)
Hibernate: 
    insert 
    into
        job_location
        (job_no, ord, sigungu) 
    values
        (?, ?, ?)
Hibernate: 
    insert 
    into
        job_location
        (job_no, ord, sigungu) 
    values
        (?, ?, ?)
Hibernate: 
    insert 
    into
        job_location
        (job_no, ord, sigungu) 
    values
        (?, ?, ?)
Hibernate: 
    insert 
    into
        job_location
        (job_no, ord, sigungu) 
    values
        (?, ?, ?)
Hibernate: 
    insert 
    into
        job_location
        (job_no, ord, sigungu) 
    values
        (?, ?, ?)
Hibernate: 
    insert 
    into
        job_location
        (job_no, ord, sigungu) 
    values
        (?, ?, ?)
Hibernate: 
    insert 
    into
        job_location
        (job_no, ord, sigungu) 
    values
        (?, ?, ?)
Hibernate: 
    insert 
    into
        job_location
        (job_no, ord, sigungu) 
    values
        (?, ?, ?)
Hibernate: 
    insert 
    into
        job
        (address, company_name, deadline, detail, edu, exp, exp_year, logo_file_name, mod_date, reg_date, title, writer) 
    values
        (?, ?, ?, ?, ?, ?, ?, ?, ?, ?, ?, ?)
Hibernate: 
    insert 
    into
        job_location
        (job_no, ord, sigungu) 
    values
        (?, ?, ?)
Hibernate: 
    insert 
    into
        job
        (address, company_name, deadline, detail, edu, exp, exp_year, logo_file_name, mod_date, reg_date, title, writer) 
    values
        (?, ?, ?, ?, ?, ?, ?, ?, ?, ?, ?, ?)
Hibernate: 
    insert 
    into
        job_location
        (job_no, ord, sigungu) 
    values
        (?, ?, ?)
Hibernate: 
    insert 
    into
        job_location
        (job_no, ord, sigungu) 
    values
        (?, ?, ?)
Hibernate: 
    insert 
    into
        job_location
        (job_no, ord, sigungu) 
    values
        (?, ?, ?)
Hibernate: 
    insert 
    into
        job_location
        (job_no, ord, sigungu) 
    values
        (?, ?, ?)
Hibernate: 
    insert 
    into
        job_location
        (job_no, ord, sigungu) 
    values
        (?, ?, ?)
Hibernate: 
    insert 
    into
        job_location
        (job_no, ord, sigungu) 
    values
        (?, ?, ?)
Hibernate: 
    insert 
    into
        job_location
        (job_no, ord, sigungu) 
    values
        (?, ?, ?)
Hibernate: 
    insert 
    into
        job_location
        (job_no, ord, sigungu) 
    values
        (?, ?, ?)
Hibernate: 
    insert 
    into
        job_location
        (job_no, ord, sigungu) 
    values
        (?, ?, ?)
Hibernate: 
    insert 
    into
        job_location
        (job_no, ord, sigungu) 
    values
        (?, ?, ?)
Hibernate: 
    insert 
    into
        job
        (address, company_name, deadline, detail, edu, exp, exp_year, logo_file_name, mod_date, reg_date, title, writer) 
    values
        (?, ?, ?, ?, ?, ?, ?, ?, ?, ?, ?, ?)
Hibernate: 
    insert 
    into
        job_location
        (job_no, ord, sigungu) 
    values
        (?, ?, ?)
Hibernate: 
    insert 
    into
        job_location
        (job_no, ord, sigungu) 
    values
        (?, ?, ?)
Hibernate: 
    insert 
    into
        job
        (address, company_name, deadline, detail, edu, exp, exp_year, logo_file_name, mod_date, reg_date, title, writer) 
    values
        (?, ?, ?, ?, ?, ?, ?, ?, ?, ?, ?, ?)
Hibernate: 
    insert 
    into
        job_location
        (job_no, ord, sigungu) 
    values
        (?, ?, ?)
Hibernate: 
    insert 
    into
        job
        (address, company_name, deadline, detail, edu, exp, exp_year, logo_file_name, mod_date, reg_date, title, writer) 
    values
        (?, ?, ?, ?, ?, ?, ?, ?, ?, ?, ?, ?)
Hibernate: 
    insert 
    into
        job_location
        (job_no, ord, sigungu) 
    values
        (?, ?, ?)
Hibernate: 
    insert 
    into
        job_location
        (job_no, ord, sigungu) 
    values
        (?, ?, ?)
Hibernate: 
    insert 
    into
        job_location
        (job_no, ord, sigungu) 
    values
        (?, ?, ?)
Hibernate: 
    insert 
    into
        job_location
        (job_no, ord, sigungu) 
    values
        (?, ?, ?)
Hibernate: 
    insert 
    into
        job_location
        (job_no, ord, sigungu) 
    values
        (?, ?, ?)
Hibernate: 
    insert 
    into
        job_location
        (job_no, ord, sigungu) 
    values
        (?, ?, ?)
Hibernate: 
    insert 
    into
        job_location
        (job_no, ord, sigungu) 
    values
        (?, ?, ?)
Hibernate: 
    insert 
    into
        job_location
        (job_no, ord, sigungu) 
    values
        (?, ?, ?)
Hibernate: 
    insert 
    into
        job
        (address, company_name, deadline, detail, edu, exp, exp_year, logo_file_name, mod_date, reg_date, title, writer) 
    values
        (?, ?, ?, ?, ?, ?, ?, ?, ?, ?, ?, ?)
Hibernate: 
    insert 
    into
        job_location
        (job_no, ord, sigungu) 
    values
        (?, ?, ?)
Hibernate: 
    insert 
    into
        job_location
        (job_no, ord, sigungu) 
    values
        (?, ?, ?)
Hibernate: 
    insert 
    into
        job_location
        (job_no, ord, sigungu) 
    values
        (?, ?, ?)
Hibernate: 
    insert 
    into
        job_location
        (job_no, ord, sigungu) 
    values
        (?, ?, ?)
Hibernate: 
    insert 
    into
        job_location
        (job_no, ord, sigungu) 
    values
        (?, ?, ?)
Hibernate: 
    insert 
    into
        job_location
        (job_no, ord, sigungu) 
    values
        (?, ?, ?)
Hibernate: 
    insert 
    into
        job_location
        (job_no, ord, sigungu) 
    values
        (?, ?, ?)
Hibernate: 
    insert 
    into
        job_location
        (job_no, ord, sigungu) 
    values
        (?, ?, ?)
Hibernate: 
    insert 
    into
        job
        (address, company_name, deadline, detail, edu, exp, exp_year, logo_file_name, mod_date, reg_date, title, writer) 
    values
        (?, ?, ?, ?, ?, ?, ?, ?, ?, ?, ?, ?)
Hibernate: 
    insert 
    into
        job_location
        (job_no, ord, sigungu) 
    values
        (?, ?, ?)
Hibernate: 
    insert 
    into
        job_location
        (job_no, ord, sigungu) 
    values
        (?, ?, ?)
Hibernate: 
    insert 
    into
        job_location
        (job_no, ord, sigungu) 
    values
        (?, ?, ?)
Hibernate: 
    insert 
    into
        job_location
        (job_no, ord, sigungu) 
    values
        (?, ?, ?)
Hibernate: 
    insert 
    into
        job_location
        (job_no, ord, sigungu) 
    values
        (?, ?, ?)
Hibernate: 
    insert 
    into
        job_location
        (job_no, ord, sigungu) 
    values
        (?, ?, ?)
Hibernate: 
    insert 
    into
        job_location
        (job_no, ord, sigungu) 
    values
        (?, ?, ?)
Hibernate: 
    insert 
    into
        job
        (address, company_name, deadline, detail, edu, exp, exp_year, logo_file_name, mod_date, reg_date, title, writer) 
    values
        (?, ?, ?, ?, ?, ?, ?, ?, ?, ?, ?, ?)
Hibernate: 
    insert 
    into
        job_location
        (job_no, ord, sigungu) 
    values
        (?, ?, ?)
Hibernate: 
    insert 
    into
        job
        (address, company_name, deadline, detail, edu, exp, exp_year, logo_file_name, mod_date, reg_date, title, writer) 
    values
        (?, ?, ?, ?, ?, ?, ?, ?, ?, ?, ?, ?)
Hibernate: 
    insert 
    into
        job_location
        (job_no, ord, sigungu) 
    values
        (?, ?, ?)
Hibernate: 
    insert 
    into
        job
        (address, company_name, deadline, detail, edu, exp, exp_year, logo_file_name, mod_date, reg_date, title, writer) 
    values
        (?, ?, ?, ?, ?, ?, ?, ?, ?, ?, ?, ?)
Hibernate: 
    insert 
    into
        job_location
        (job_no, ord, sigungu) 
    values
        (?, ?, ?)
Hibernate: 
    insert 
    into
        job_location
        (job_no, ord, sigungu) 
    values
        (?, ?, ?)
Hibernate: 
    insert 
    into
        job_location
        (job_no, ord, sigungu) 
    values
        (?, ?, ?)
Hibernate: 
    insert 
    into
        job_location
        (job_no, ord, sigungu) 
    values
        (?, ?, ?)
Hibernate: 
    insert 
    into
        job_location
        (job_no, ord, sigungu) 
    values
        (?, ?, ?)
Hibernate: 
    insert 
    into
        job_location
        (job_no, ord, sigungu) 
    values
        (?, ?, ?)
Hibernate: 
    insert 
    into
        job_location
        (job_no, ord, sigungu) 
    values
        (?, ?, ?)
Hibernate: 
    insert 
    into
        job_location
        (job_no, ord, sigungu) 
    values
        (?, ?, ?)
Hibernate: 
    insert 
    into
        job_location
        (job_no, ord, sigungu) 
    values
        (?, ?, ?)
Hibernate: 
    insert 
    into
        job
        (address, company_name, deadline, detail, edu, exp, exp_year, logo_file_name, mod_date, reg_date, title, writer) 
    values
        (?, ?, ?, ?, ?, ?, ?, ?, ?, ?, ?, ?)
Hibernate: 
    insert 
    into
        job_location
        (job_no, ord, sigungu) 
    values
        (?, ?, ?)
Hibernate: 
    insert 
    into
        job
        (address, company_name, deadline, detail, edu, exp, exp_year, logo_file_name, mod_date, reg_date, title, writer) 
    values
        (?, ?, ?, ?, ?, ?, ?, ?, ?, ?, ?, ?)
Hibernate: 
    insert 
    into
        job_location
        (job_no, ord, sigungu) 
    values
        (?, ?, ?)
Hibernate: 
    insert 
    into
        job_location
        (job_no, ord, sigungu) 
    values
        (?, ?, ?)
Hibernate: 
    insert 
    into
        job_location
        (job_no, ord, sigungu) 
    values
        (?, ?, ?)
Hibernate: 
    insert 
    into
        job_location
        (job_no, ord, sigungu) 
    values
        (?, ?, ?)
Hibernate: 
    insert 
    into
        job
        (address, company_name, deadline, detail, edu, exp, exp_year, logo_file_name, mod_date, reg_date, title, writer) 
    values
        (?, ?, ?, ?, ?, ?, ?, ?, ?, ?, ?, ?)
Hibernate: 
    insert 
    into
        job_location
        (job_no, ord, sigungu) 
    values
        (?, ?, ?)
Hibernate: 
    insert 
    into
        job_location
        (job_no, ord, sigungu) 
    values
        (?, ?, ?)
Hibernate: 
    insert 
    into
        job_location
        (job_no, ord, sigungu) 
    values
        (?, ?, ?)
Hibernate: 
    insert 
    into
        job_location
        (job_no, ord, sigungu) 
    values
        (?, ?, ?)
Hibernate: 
    insert 
    into
        job_location
        (job_no, ord, sigungu) 
    values
        (?, ?, ?)
Hibernate: 
    insert 
    into
        job_location
        (job_no, ord, sigungu) 
    values
        (?, ?, ?)
Hibernate: 
    insert 
    into
        job_location
        (job_no, ord, sigungu) 
    values
        (?, ?, ?)
Hibernate: 
    insert 
    into
        job
        (address, company_name, deadline, detail, edu, exp, exp_year, logo_file_name, mod_date, reg_date, title, writer) 
    values
        (?, ?, ?, ?, ?, ?, ?, ?, ?, ?, ?, ?)
Hibernate: 
    insert 
    into
        job_location
        (job_no, ord, sigungu) 
    values
        (?, ?, ?)
Hibernate: 
    insert 
    into
        job_location
        (job_no, ord, sigungu) 
    values
        (?, ?, ?)
Hibernate: 
    insert 
    into
        job_location
        (job_no, ord, sigungu) 
    values
        (?, ?, ?)
Hibernate: 
    insert 
    into
        job_location
        (job_no, ord, sigungu) 
    values
        (?, ?, ?)
Hibernate: 
    insert 
    into
        job_location
        (job_no, ord, sigungu) 
    values
        (?, ?, ?)
Hibernate: 
    insert 
    into
        job_location
        (job_no, ord, sigungu) 
    values
        (?, ?, ?)
Hibernate: 
    insert 
    into
        job_location
        (job_no, ord, sigungu) 
    values
        (?, ?, ?)
Hibernate: 
    insert 
    into
        job
        (address, company_name, deadline, detail, edu, exp, exp_year, logo_file_name, mod_date, reg_date, title, writer) 
    values
        (?, ?, ?, ?, ?, ?, ?, ?, ?, ?, ?, ?)
Hibernate: 
    insert 
    into
        job_location
        (job_no, ord, sigungu) 
    values
        (?, ?, ?)
Hibernate: 
    insert 
    into
        job_location
        (job_no, ord, sigungu) 
    values
        (?, ?, ?)
Hibernate: 
    insert 
    into
        job_location
        (job_no, ord, sigungu) 
    values
        (?, ?, ?)
Hibernate: 
    insert 
    into
        job
        (address, company_name, deadline, detail, edu, exp, exp_year, logo_file_name, mod_date, reg_date, title, writer) 
    values
        (?, ?, ?, ?, ?, ?, ?, ?, ?, ?, ?, ?)
Hibernate: 
    insert 
    into
        job_location
        (job_no, ord, sigungu) 
    values
        (?, ?, ?)
Hibernate: 
    insert 
    into
        job_location
        (job_no, ord, sigungu) 
    values
        (?, ?, ?)
Hibernate: 
    insert 
    into
        job_location
        (job_no, ord, sigungu) 
    values
        (?, ?, ?)
Hibernate: 
    insert 
    into
        job_location
        (job_no, ord, sigungu) 
    values
        (?, ?, ?)
Hibernate: 
    insert 
    into
        job_location
        (job_no, ord, sigungu) 
    values
        (?, ?, ?)
Hibernate: 
    insert 
    into
        job_location
        (job_no, ord, sigungu) 
    values
        (?, ?, ?)
Hibernate: 
    insert 
    into
        job
        (address, company_name, deadline, detail, edu, exp, exp_year, logo_file_name, mod_date, reg_date, title, writer) 
    values
        (?, ?, ?, ?, ?, ?, ?, ?, ?, ?, ?, ?)
Hibernate: 
    insert 
    into
        job_location
        (job_no, ord, sigungu) 
    values
        (?, ?, ?)
Hibernate: 
    insert 
    into
        job_location
        (job_no, ord, sigungu) 
    values
        (?, ?, ?)
Hibernate: 
    insert 
    into
        job_location
        (job_no, ord, sigungu) 
    values
        (?, ?, ?)
Hibernate: 
    insert 
    into
        job_location
        (job_no, ord, sigungu) 
    values
        (?, ?, ?)
Hibernate: 
    insert 
    into
        job_location
        (job_no, ord, sigungu) 
    values
        (?, ?, ?)
Hibernate: 
    insert 
    into
        job_location
        (job_no, ord, sigungu) 
    values
        (?, ?, ?)
Hibernate: 
    insert 
    into
        job_location
        (job_no, ord, sigungu) 
    values
        (?, ?, ?)
Hibernate: 
    insert 
    into
        job
        (address, company_name, deadline, detail, edu, exp, exp_year, logo_file_name, mod_date, reg_date, title, writer) 
    values
        (?, ?, ?, ?, ?, ?, ?, ?, ?, ?, ?, ?)
Hibernate: 
    insert 
    into
        job_location
        (job_no, ord, sigungu) 
    values
        (?, ?, ?)
Hibernate: 
    insert 
    into
        job_location
        (job_no, ord, sigungu) 
    values
        (?, ?, ?)
Hibernate: 
    insert 
    into
        job_location
        (job_no, ord, sigungu) 
    values
        (?, ?, ?)
Hibernate: 
    insert 
    into
        job_location
        (job_no, ord, sigungu) 
    values
        (?, ?, ?)
Hibernate: 
    insert 
    into
        job_location
        (job_no, ord, sigungu) 
    values
        (?, ?, ?)
Hibernate: 
    insert 
    into
        job_location
        (job_no, ord, sigungu) 
    values
        (?, ?, ?)
Hibernate: 
    insert 
    into
        job
        (address, company_name, deadline, detail, edu, exp, exp_year, logo_file_name, mod_date, reg_date, title, writer) 
    values
        (?, ?, ?, ?, ?, ?, ?, ?, ?, ?, ?, ?)
Hibernate: 
    insert 
    into
        job_location
        (job_no, ord, sigungu) 
    values
        (?, ?, ?)
Hibernate: 
    insert 
    into
        job_location
        (job_no, ord, sigungu) 
    values
        (?, ?, ?)
Hibernate: 
    insert 
    into
        job_location
        (job_no, ord, sigungu) 
    values
        (?, ?, ?)
Hibernate: 
    insert 
    into
        job_location
        (job_no, ord, sigungu) 
    values
        (?, ?, ?)
Hibernate: 
    insert 
    into
        job_location
        (job_no, ord, sigungu) 
    values
        (?, ?, ?)
Hibernate: 
    insert 
    into
        job
        (address, company_name, deadline, detail, edu, exp, exp_year, logo_file_name, mod_date, reg_date, title, writer) 
    values
        (?, ?, ?, ?, ?, ?, ?, ?, ?, ?, ?, ?)
Hibernate: 
    insert 
    into
        job_location
        (job_no, ord, sigungu) 
    values
        (?, ?, ?)
Hibernate: 
    insert 
    into
        job_location
        (job_no, ord, sigungu) 
    values
        (?, ?, ?)
Hibernate: 
    insert 
    into
        job_location
        (job_no, ord, sigungu) 
    values
        (?, ?, ?)
Hibernate: 
    insert 
    into
        job_location
        (job_no, ord, sigungu) 
    values
        (?, ?, ?)
Hibernate: 
    insert 
    into
        job_location
        (job_no, ord, sigungu) 
    values
        (?, ?, ?)
Hibernate: 
    insert 
    into
        job_location
        (job_no, ord, sigungu) 
    values
        (?, ?, ?)
Hibernate: 
    insert 
    into
        job_location
        (job_no, ord, sigungu) 
    values
        (?, ?, ?)
Hibernate: 
    insert 
    into
        job_location
        (job_no, ord, sigungu) 
    values
        (?, ?, ?)
Hibernate: 
    insert 
    into
        job_location
        (job_no, ord, sigungu) 
    values
        (?, ?, ?)
Hibernate: 
    insert 
    into
        job_location
        (job_no, ord, sigungu) 
    values
        (?, ?, ?)
Hibernate: 
    insert 
    into
        job
        (address, company_name, deadline, detail, edu, exp, exp_year, logo_file_name, mod_date, reg_date, title, writer) 
    values
        (?, ?, ?, ?, ?, ?, ?, ?, ?, ?, ?, ?)
Hibernate: 
    insert 
    into
        job_location
        (job_no, ord, sigungu) 
    values
        (?, ?, ?)
Hibernate: 
    insert 
    into
        job
        (address, company_name, deadline, detail, edu, exp, exp_year, logo_file_name, mod_date, reg_date, title, writer) 
    values
        (?, ?, ?, ?, ?, ?, ?, ?, ?, ?, ?, ?)
Hibernate: 
    insert 
    into
        job_location
        (job_no, ord, sigungu) 
    values
        (?, ?, ?)
Hibernate: 
    insert 
    into
        job_location
        (job_no, ord, sigungu) 
    values
        (?, ?, ?)
Hibernate: 
    insert 
    into
        job_location
        (job_no, ord, sigungu) 
    values
        (?, ?, ?)
Hibernate: 
    insert 
    into
        job_location
        (job_no, ord, sigungu) 
    values
        (?, ?, ?)
Hibernate: 
    insert 
    into
        job_location
        (job_no, ord, sigungu) 
    values
        (?, ?, ?)
Hibernate: 
    insert 
    into
        job_location
        (job_no, ord, sigungu) 
    values
        (?, ?, ?)
Hibernate: 
    insert 
    into
        job_location
        (job_no, ord, sigungu) 
    values
        (?, ?, ?)
Hibernate: 
    insert 
    into
        job_location
        (job_no, ord, sigungu) 
    values
        (?, ?, ?)
Hibernate: 
    insert 
    into
        job_location
        (job_no, ord, sigungu) 
    values
        (?, ?, ?)
Hibernate: 
    insert 
    into
        job
        (address, company_name, deadline, detail, edu, exp, exp_year, logo_file_name, mod_date, reg_date, title, writer) 
    values
        (?, ?, ?, ?, ?, ?, ?, ?, ?, ?, ?, ?)
Hibernate: 
    insert 
    into
        job_location
        (job_no, ord, sigungu) 
    values
        (?, ?, ?)
Hibernate: 
    insert 
    into
        job_location
        (job_no, ord, sigungu) 
    values
        (?, ?, ?)
Hibernate: 
    insert 
    into
        job_location
        (job_no, ord, sigungu) 
    values
        (?, ?, ?)
Hibernate: 
    insert 
    into
        job_location
        (job_no, ord, sigungu) 
    values
        (?, ?, ?)
Hibernate: 
    insert 
    into
        job
        (address, company_name, deadline, detail, edu, exp, exp_year, logo_file_name, mod_date, reg_date, title, writer) 
    values
        (?, ?, ?, ?, ?, ?, ?, ?, ?, ?, ?, ?)
Hibernate: 
    insert 
    into
        job_location
        (job_no, ord, sigungu) 
    values
        (?, ?, ?)
Hibernate: 
    insert 
    into
        job_location
        (job_no, ord, sigungu) 
    values
        (?, ?, ?)
Hibernate: 
    insert 
    into
        job_location
        (job_no, ord, sigungu) 
    values
        (?, ?, ?)
Hibernate: 
    insert 
    into
        job_location
        (job_no, ord, sigungu) 
    values
        (?, ?, ?)
Hibernate: 
    insert 
    into
        job
        (address, company_name, deadline, detail, edu, exp, exp_year, logo_file_name, mod_date, reg_date, title, writer) 
    values
        (?, ?, ?, ?, ?, ?, ?, ?, ?, ?, ?, ?)
Hibernate: 
    insert 
    into
        job_location
        (job_no, ord, sigungu) 
    values
        (?, ?, ?)
Hibernate: 
    insert 
    into
        job_location
        (job_no, ord, sigungu) 
    values
        (?, ?, ?)
Hibernate: 
    insert 
    into
        job_location
        (job_no, ord, sigungu) 
    values
        (?, ?, ?)
Hibernate: 
    insert 
    into
        job_location
        (job_no, ord, sigungu) 
    values
        (?, ?, ?)
Hibernate: 
    insert 
    into
        job
        (address, company_name, deadline, detail, edu, exp, exp_year, logo_file_name, mod_date, reg_date, title, writer) 
    values
        (?, ?, ?, ?, ?, ?, ?, ?, ?, ?, ?, ?)
Hibernate: 
    insert 
    into
        job_location
        (job_no, ord, sigungu) 
    values
        (?, ?, ?)
Hibernate: 
    insert 
    into
        job_location
        (job_no, ord, sigungu) 
    values
        (?, ?, ?)
Hibernate: 
    insert 
    into
        job_location
        (job_no, ord, sigungu) 
    values
        (?, ?, ?)
Hibernate: 
    insert 
    into
        job_location
        (job_no, ord, sigungu) 
    values
        (?, ?, ?)
Hibernate: 
    insert 
    into
        job_location
        (job_no, ord, sigungu) 
    values
        (?, ?, ?)
Hibernate: 
    insert 
    into
        job
        (address, company_name, deadline, detail, edu, exp, exp_year, logo_file_name, mod_date, reg_date, title, writer) 
    values
        (?, ?, ?, ?, ?, ?, ?, ?, ?, ?, ?, ?)
Hibernate: 
    insert 
    into
        job_location
        (job_no, ord, sigungu) 
    values
        (?, ?, ?)
Hibernate: 
    insert 
    into
        job_location
        (job_no, ord, sigungu) 
    values
        (?, ?, ?)
]]></system-out>
  <system-err><![CDATA[]]></system-err>
</testsuite>
